{"E:\\UMB\\ingenieria web 1\\actividad 1\\backend\\src\\index.ts": {"path":"E:\\UMB\\ingenieria web 1\\actividad 1\\backend\\src\\index.ts","statementMap":{"0":{"start":{"line":1,"column":0},"end":{"line":1,"column":30}},"1":{"start":{"line":2,"column":0},"end":{"line":2,"column":24}},"2":{"start":{"line":3,"column":0},"end":{"line":3,"column":28}},"3":{"start":{"line":5,"column":0},"end":{"line":5,"column":51}},"4":{"start":{"line":9,"column":0},"end":{"line":9,"column":34}},"5":{"start":{"line":10,"column":0},"end":{"line":10,"column":41}},"6":{"start":{"line":11,"column":0},"end":{"line":11,"column":31}},"7":{"start":{"line":12,"column":0},"end":{"line":12,"column":34}},"8":{"start":{"line":13,"column":0},"end":{"line":13,"column":25}},"9":{"start":{"line":14,"column":0},"end":{"line":14,"column":36}},"10":{"start":{"line":15,"column":0},"end":{"line":15,"column":51}},"11":{"start":{"line":16,"column":0},"end":{"line":16,"column":80}},"12":{"start":{"line":17,"column":0},"end":{"line":17,"column":60}},"13":{"start":{"line":34,"column":13},"end":{"line":34,"column":29}},"14":{"start":{"line":35,"column":0},"end":{"line":35,"column":16}},"15":{"start":{"line":37,"column":0},"end":{"line":37,"column":24}},"16":{"start":{"line":38,"column":0},"end":{"line":38,"column":29}},"17":{"start":{"line":39,"column":0},"end":{"line":39,"column":18}},"18":{"start":{"line":40,"column":0},"end":{"line":43,"column":3}},"19":{"start":{"line":41,"column":4},"end":{"line":41,"column":53}},"20":{"start":{"line":42,"column":4},"end":{"line":42,"column":11}},"21":{"start":{"line":44,"column":13},"end":{"line":44,"column":37}},"22":{"start":{"line":51,"column":8},"end":{"line":51,"column":26}},"23":{"start":{"line":54,"column":0},"end":{"line":54,"column":22}},"24":{"start":{"line":55,"column":0},"end":{"line":55,"column":69}},"25":{"start":{"line":56,"column":0},"end":{"line":56,"column":63}},"26":{"start":{"line":57,"column":0},"end":{"line":57,"column":40}},"27":{"start":{"line":58,"column":0},"end":{"line":58,"column":42}},"28":{"start":{"line":64,"column":4},"end":{"line":73,"column":5}},"29":{"start":{"line":65,"column":8},"end":{"line":65,"column":44}},"30":{"start":{"line":66,"column":8},"end":{"line":69,"column":11}},"31":{"start":{"line":67,"column":12},"end":{"line":67,"column":74}},"32":{"start":{"line":68,"column":12},"end":{"line":68,"column":100}},"33":{"start":{"line":72,"column":8},"end":{"line":72,"column":80}},"34":{"start":{"line":76,"column":0},"end":{"line":76,"column":14}}},"fnMap":{"0":{"name":"(anonymous_8)","decl":{"start":{"line":40,"column":8},"end":{"line":40,"column":9}},"loc":{"start":{"line":40,"column":28},"end":{"line":43,"column":1}}},"1":{"name":"main","decl":{"start":{"line":63,"column":15},"end":{"line":63,"column":19}},"loc":{"start":{"line":63,"column":19},"end":{"line":74,"column":null}}},"2":{"name":"(anonymous_11)","decl":{"start":{"line":66,"column":25},"end":{"line":66,"column":28}},"loc":{"start":{"line":66,"column":30},"end":{"line":69,"column":9}}}},"branchMap":{"0":{"loc":{"start":{"line":44,"column":13},"end":{"line":44,"column":37}},"type":"binary-expr","locations":[{"start":{"line":44,"column":13},"end":{"line":44,"column":29}},{"start":{"line":44,"column":33},"end":{"line":44,"column":37}}]}},"s":{"0":2,"1":2,"2":2,"3":2,"4":2,"5":2,"6":2,"7":2,"8":2,"9":2,"10":2,"11":2,"12":2,"13":2,"14":2,"15":2,"16":2,"17":2,"18":2,"19":0,"20":0,"21":2,"22":2,"23":2,"24":2,"25":2,"26":2,"27":2,"28":2,"29":2,"30":0,"31":0,"32":0,"33":2,"34":2},"f":{"0":0,"1":2,"2":0},"b":{"0":[2,0]}}
,"E:\\UMB\\ingenieria web 1\\actividad 1\\backend\\src\\config\\BcryptPassword.ts": {"path":"E:\\UMB\\ingenieria web 1\\actividad 1\\backend\\src\\config\\BcryptPassword.ts","statementMap":{"0":{"start":{"line":1,"column":0},"end":{"line":1,"column":28}},"1":{"start":{"line":3,"column":19},"end":{"line":3,"column":21}},"2":{"start":{"line":5,"column":28},"end":{"line":8,"column":2}},"3":{"start":{"line":5,"column":72},"end":{"line":8,"column":2}},"4":{"start":{"line":6,"column":17},"end":{"line":6,"column":49}},"5":{"start":{"line":7,"column":4},"end":{"line":7,"column":45}},"6":{"start":{"line":5,"column":13},"end":{"line":5,"column":28}},"7":{"start":{"line":10,"column":31},"end":{"line":12,"column":2}},"8":{"start":{"line":10,"column":100},"end":{"line":12,"column":2}},"9":{"start":{"line":11,"column":4},"end":{"line":11,"column":58}},"10":{"start":{"line":10,"column":13},"end":{"line":10,"column":31}}},"fnMap":{"0":{"name":"(anonymous_8)","decl":{"start":{"line":5,"column":28},"end":{"line":5,"column":35}},"loc":{"start":{"line":5,"column":72},"end":{"line":8,"column":2}}},"1":{"name":"(anonymous_9)","decl":{"start":{"line":5,"column":72},"end":{"line":5,"column":null}},"loc":{"start":{"line":5,"column":72},"end":{"line":8,"column":1}}},"2":{"name":"(anonymous_10)","decl":{"start":{"line":10,"column":31},"end":{"line":10,"column":38}},"loc":{"start":{"line":10,"column":100},"end":{"line":12,"column":2}}},"3":{"name":"(anonymous_11)","decl":{"start":{"line":10,"column":100},"end":{"line":10,"column":null}},"loc":{"start":{"line":10,"column":100},"end":{"line":12,"column":1}}}},"branchMap":{},"s":{"0":3,"1":3,"2":3,"3":0,"4":0,"5":0,"6":3,"7":3,"8":0,"9":0,"10":3},"f":{"0":0,"1":0,"2":0,"3":0},"b":{}}
,"E:\\UMB\\ingenieria web 1\\actividad 1\\backend\\src\\config\\jsonwebtoken.ts": {"path":"E:\\UMB\\ingenieria web 1\\actividad 1\\backend\\src\\config\\jsonwebtoken.ts","statementMap":{"0":{"start":{"line":10,"column":0},"end":{"line":10,"column":16}},"1":{"start":{"line":15,"column":0},"end":{"line":15,"column":16}},"2":{"start":{"line":1,"column":0},"end":{"line":1,"column":31}},"3":{"start":{"line":2,"column":0},"end":{"line":2,"column":28}},"4":{"start":{"line":5,"column":0},"end":{"line":5,"column":16}},"5":{"start":{"line":7,"column":15},"end":{"line":7,"column":68}},"6":{"start":{"line":8,"column":20},"end":{"line":8,"column":58}},"7":{"start":{"line":11,"column":4},"end":{"line":13,"column":7}},"8":{"start":{"line":16,"column":4},"end":{"line":21,"column":5}},"9":{"start":{"line":17,"column":8},"end":{"line":17,"column":41}},"10":{"start":{"line":19,"column":8},"end":{"line":19,"column":27}},"11":{"start":{"line":20,"column":8},"end":{"line":20,"column":null}}},"fnMap":{"0":{"name":"generateTokenAuth","decl":{"start":{"line":10,"column":16},"end":{"line":10,"column":33}},"loc":{"start":{"line":10,"column":53},"end":{"line":14,"column":1}}},"1":{"name":"verifyTokenAuth","decl":{"start":{"line":15,"column":16},"end":{"line":15,"column":31}},"loc":{"start":{"line":15,"column":45},"end":{"line":22,"column":1}}}},"branchMap":{"0":{"loc":{"start":{"line":7,"column":15},"end":{"line":7,"column":68}},"type":"binary-expr","locations":[{"start":{"line":7,"column":15},"end":{"line":7,"column":37}},{"start":{"line":7,"column":41},"end":{"line":7,"column":68}}]},"1":{"loc":{"start":{"line":8,"column":20},"end":{"line":8,"column":58}},"type":"binary-expr","locations":[{"start":{"line":8,"column":20},"end":{"line":8,"column":46}},{"start":{"line":8,"column":50},"end":{"line":8,"column":58}}]}},"s":{"0":3,"1":3,"2":3,"3":3,"4":3,"5":3,"6":3,"7":0,"8":0,"9":0,"10":0,"11":0},"f":{"0":0,"1":0},"b":{"0":[3,0],"1":[3,0]}}
,"E:\\UMB\\ingenieria web 1\\actividad 1\\backend\\src\\config\\sequelizeConfig.ts": {"path":"E:\\UMB\\ingenieria web 1\\actividad 1\\backend\\src\\config\\sequelizeConfig.ts","statementMap":{"0":{"start":{"line":1,"column":0},"end":{"line":1,"column":36}},"1":{"start":{"line":2,"column":0},"end":{"line":2,"column":28}},"2":{"start":{"line":4,"column":0},"end":{"line":4,"column":16}},"3":{"start":{"line":6,"column":13},"end":{"line":14,"column":2}}},"fnMap":{},"branchMap":{"0":{"loc":{"start":{"line":7,"column":4},"end":{"line":7,"column":41}},"type":"binary-expr","locations":[{"start":{"line":7,"column":4},"end":{"line":7,"column":27}},{"start":{"line":7,"column":31},"end":{"line":7,"column":41}}]},"1":{"loc":{"start":{"line":8,"column":4},"end":{"line":8,"column":34}},"type":"binary-expr","locations":[{"start":{"line":8,"column":4},"end":{"line":8,"column":23}},{"start":{"line":8,"column":27},"end":{"line":8,"column":34}}]}},"s":{"0":7,"1":7,"2":7,"3":7},"f":{},"b":{"0":[7,0],"1":[7,0]}}
,"E:\\UMB\\ingenieria web 1\\actividad 1\\backend\\src\\db\\asociation.ts": {"path":"E:\\UMB\\ingenieria web 1\\actividad 1\\backend\\src\\db\\asociation.ts","statementMap":{"0":{"start":{"line":1,"column":0},"end":{"line":1,"column":43}},"1":{"start":{"line":2,"column":0},"end":{"line":2,"column":49}},"2":{"start":{"line":3,"column":0},"end":{"line":3,"column":63}},"3":{"start":{"line":8,"column":0},"end":{"line":13,"column":3}},"4":{"start":{"line":14,"column":0},"end":{"line":19,"column":3}}},"fnMap":{},"branchMap":{},"s":{"0":2,"1":2,"2":2,"3":2,"4":2},"f":{},"b":{}}
,"E:\\UMB\\ingenieria web 1\\actividad 1\\backend\\src\\db\\models\\AccountModel.ts": {"path":"E:\\UMB\\ingenieria web 1\\actividad 1\\backend\\src\\db\\models\\AccountModel.ts","statementMap":{"0":{"start":{"line":1,"column":0},"end":{"line":1,"column":55}},"1":{"start":{"line":2,"column":0},"end":{"line":2,"column":54}},"2":{"start":{"line":21,"column":0},"end":{"line":46,"column":3}},"3":{"start":{"line":47,"column":0},"end":{"line":47,"column":28}}},"fnMap":{},"branchMap":{},"s":{"0":2,"1":2,"2":2,"3":2},"f":{},"b":{}}
,"E:\\UMB\\ingenieria web 1\\actividad 1\\backend\\src\\db\\models\\AccountUserRelModel.ts": {"path":"E:\\UMB\\ingenieria web 1\\actividad 1\\backend\\src\\db\\models\\AccountUserRelModel.ts","statementMap":{"0":{"start":{"line":1,"column":0},"end":{"line":1,"column":55}},"1":{"start":{"line":2,"column":0},"end":{"line":2,"column":53}},"2":{"start":{"line":17,"column":0},"end":{"line":37,"column":3}},"3":{"start":{"line":39,"column":0},"end":{"line":39,"column":35}}},"fnMap":{},"branchMap":{},"s":{"0":3,"1":3,"2":3,"3":3},"f":{},"b":{}}
,"E:\\UMB\\ingenieria web 1\\actividad 1\\backend\\src\\db\\models\\AuthModel.ts": {"path":"E:\\UMB\\ingenieria web 1\\actividad 1\\backend\\src\\db\\models\\AuthModel.ts","statementMap":{"0":{"start":{"line":1,"column":0},"end":{"line":1,"column":55}},"1":{"start":{"line":2,"column":0},"end":{"line":2,"column":57}},"2":{"start":{"line":18,"column":0},"end":{"line":38,"column":3}},"3":{"start":{"line":40,"column":0},"end":{"line":40,"column":26}}},"fnMap":{},"branchMap":{},"s":{"0":3,"1":3,"2":3,"3":3},"f":{},"b":{}}
,"E:\\UMB\\ingenieria web 1\\actividad 1\\backend\\src\\db\\models\\BlogModel.ts": {"path":"E:\\UMB\\ingenieria web 1\\actividad 1\\backend\\src\\db\\models\\BlogModel.ts","statementMap":{"0":{"start":{"line":1,"column":0},"end":{"line":1,"column":53}},"1":{"start":{"line":2,"column":0},"end":{"line":2,"column":55}},"2":{"start":{"line":22,"column":0},"end":{"line":52,"column":3}},"3":{"start":{"line":53,"column":0},"end":{"line":53,"column":25}}},"fnMap":{},"branchMap":{},"s":{"0":3,"1":3,"2":3,"3":3},"f":{},"b":{}}
,"E:\\UMB\\ingenieria web 1\\actividad 1\\backend\\src\\db\\models\\OtpDataModel.ts": {"path":"E:\\UMB\\ingenieria web 1\\actividad 1\\backend\\src\\db\\models\\OtpDataModel.ts","statementMap":{"0":{"start":{"line":1,"column":0},"end":{"line":1,"column":55}},"1":{"start":{"line":2,"column":0},"end":{"line":2,"column":54}},"2":{"start":{"line":24,"column":0},"end":{"line":59,"column":3}},"3":{"start":{"line":60,"column":0},"end":{"line":60,"column":28}}},"fnMap":{},"branchMap":{},"s":{"0":2,"1":2,"2":2,"3":2},"f":{},"b":{}}
,"E:\\UMB\\ingenieria web 1\\actividad 1\\backend\\src\\db\\models\\UserModel.ts": {"path":"E:\\UMB\\ingenieria web 1\\actividad 1\\backend\\src\\db\\models\\UserModel.ts","statementMap":{"0":{"start":{"line":1,"column":0},"end":{"line":1,"column":53}},"1":{"start":{"line":2,"column":0},"end":{"line":2,"column":55}},"2":{"start":{"line":24,"column":0},"end":{"line":60,"column":3}},"3":{"start":{"line":61,"column":0},"end":{"line":61,"column":25}}},"fnMap":{},"branchMap":{},"s":{"0":3,"1":3,"2":3,"3":3},"f":{},"b":{}}
,"E:\\UMB\\ingenieria web 1\\actividad 1\\backend\\src\\domain\\repository\\account-repository.ts": {"path":"E:\\UMB\\ingenieria web 1\\actividad 1\\backend\\src\\domain\\repository\\account-repository.ts","statementMap":{"0":{"start":{"line":11,"column":0},"end":{"line":11,"column":56}},"1":{"start":{"line":12,"column":0},"end":{"line":12,"column":70}},"2":{"start":{"line":13,"column":0},"end":{"line":13,"column":50}},"3":{"start":{"line":21,"column":8},"end":{"line":31,"column":9}},"4":{"start":{"line":22,"column":32},"end":{"line":22,"column":66}},"5":{"start":{"line":23,"column":12},"end":{"line":28,"column":null}},"6":{"start":{"line":30,"column":12},"end":{"line":30,"column":72}},"7":{"start":{"line":35,"column":8},"end":{"line":45,"column":9}},"8":{"start":{"line":36,"column":28},"end":{"line":36,"column":67}},"9":{"start":{"line":37,"column":12},"end":{"line":42,"column":13}},"10":{"start":{"line":38,"column":16},"end":{"line":38,"column":73}},"11":{"start":{"line":40,"column":16},"end":{"line":40,"column":40}},"12":{"start":{"line":41,"column":16},"end":{"line":41,"column":71}},"13":{"start":{"line":44,"column":12},"end":{"line":44,"column":72}},"14":{"start":{"line":49,"column":8},"end":{"line":83,"column":9}},"15":{"start":{"line":50,"column":26},"end":{"line":50,"column":63}},"16":{"start":{"line":51,"column":27},"end":{"line":51,"column":91}},"17":{"start":{"line":52,"column":26},"end":{"line":52,"column":52}},"18":{"start":{"line":53,"column":12},"end":{"line":64,"column":13}},"19":{"start":{"line":54,"column":36},"end":{"line":59,"column":18}},"20":{"start":{"line":60,"column":16},"end":{"line":63,"column":null}},"21":{"start":{"line":65,"column":32},"end":{"line":71,"column":14}},"22":{"start":{"line":72,"column":12},"end":{"line":75,"column":null}},"23":{"start":{"line":77,"column":12},"end":{"line":77,"column":64}},"24":{"start":{"line":78,"column":12},"end":{"line":78,"column":31}},"25":{"start":{"line":79,"column":12},"end":{"line":82,"column":null}},"26":{"start":{"line":87,"column":8},"end":{"line":103,"column":9}},"27":{"start":{"line":88,"column":25},"end":{"line":92,"column":null}},"28":{"start":{"line":93,"column":32},"end":{"line":93,"column":71}},"29":{"start":{"line":94,"column":12},"end":{"line":96,"column":13}},"30":{"start":{"line":95,"column":16},"end":{"line":95,"column":73}},"31":{"start":{"line":97,"column":36},"end":{"line":97,"column":66}},"32":{"start":{"line":98,"column":12},"end":{"line":100,"column":null}},"33":{"start":{"line":102,"column":12},"end":{"line":102,"column":72}},"34":{"start":{"line":107,"column":8},"end":{"line":119,"column":9}},"35":{"start":{"line":108,"column":12},"end":{"line":114,"column":15}},"36":{"start":{"line":116,"column":12},"end":{"line":116,"column":64}},"37":{"start":{"line":117,"column":12},"end":{"line":117,"column":31}},"38":{"start":{"line":118,"column":12},"end":{"line":118,"column":22}},"39":{"start":{"line":123,"column":8},"end":{"line":142,"column":9}},"40":{"start":{"line":124,"column":12},"end":{"line":137,"column":15}},"41":{"start":{"line":139,"column":12},"end":{"line":139,"column":64}},"42":{"start":{"line":140,"column":12},"end":{"line":140,"column":31}},"43":{"start":{"line":141,"column":12},"end":{"line":141,"column":22}},"44":{"start":{"line":146,"column":8},"end":{"line":152,"column":9}},"45":{"start":{"line":147,"column":12},"end":{"line":147,"column":59}},"46":{"start":{"line":149,"column":12},"end":{"line":149,"column":64}},"47":{"start":{"line":150,"column":12},"end":{"line":150,"column":31}},"48":{"start":{"line":151,"column":12},"end":{"line":151,"column":24}},"49":{"start":{"line":156,"column":8},"end":{"line":168,"column":9}},"50":{"start":{"line":157,"column":30},"end":{"line":157,"column":77}},"51":{"start":{"line":158,"column":12},"end":{"line":160,"column":13}},"52":{"start":{"line":159,"column":16},"end":{"line":159,"column":null}},"53":{"start":{"line":161,"column":12},"end":{"line":161,"column":32}},"54":{"start":{"line":162,"column":12},"end":{"line":162,"column":25}},"55":{"start":{"line":164,"column":32},"end":{"line":164,"column":49}},"56":{"start":{"line":165,"column":12},"end":{"line":165,"column":64}},"57":{"start":{"line":166,"column":12},"end":{"line":166,"column":31}},"58":{"start":{"line":167,"column":12},"end":{"line":167,"column":31}},"59":{"start":{"line":15,"column":0},"end":{"line":15,"column":13}}},"fnMap":{"0":{"name":"(anonymous_8)","decl":{"start":{"line":17,"column":4},"end":{"line":17,"column":null}},"loc":{"start":{"line":17,"column":4},"end":{"line":18,"column":5}}},"1":{"name":"(anonymous_9)","decl":{"start":{"line":20,"column":10},"end":{"line":20,"column":16}},"loc":{"start":{"line":20,"column":45},"end":{"line":32,"column":null}}},"2":{"name":"(anonymous_11)","decl":{"start":{"line":34,"column":10},"end":{"line":34,"column":16}},"loc":{"start":{"line":34,"column":35},"end":{"line":46,"column":null}}},"3":{"name":"(anonymous_13)","decl":{"start":{"line":48,"column":10},"end":{"line":48,"column":16}},"loc":{"start":{"line":48,"column":65},"end":{"line":84,"column":null}}},"4":{"name":"(anonymous_15)","decl":{"start":{"line":86,"column":10},"end":{"line":86,"column":16}},"loc":{"start":{"line":86,"column":51},"end":{"line":104,"column":null}}},"5":{"name":"(anonymous_17)","decl":{"start":{"line":106,"column":10},"end":{"line":106,"column":30}},"loc":{"start":{"line":106,"column":46},"end":{"line":120,"column":null}}},"6":{"name":"(anonymous_19)","decl":{"start":{"line":122,"column":10},"end":{"line":122,"column":29}},"loc":{"start":{"line":122,"column":45},"end":{"line":143,"column":null}}},"7":{"name":"(anonymous_21)","decl":{"start":{"line":145,"column":10},"end":{"line":145,"column":17}},"loc":{"start":{"line":145,"column":36},"end":{"line":153,"column":null}}},"8":{"name":"(anonymous_23)","decl":{"start":{"line":155,"column":10},"end":{"line":155,"column":32}},"loc":{"start":{"line":155,"column":52},"end":{"line":169,"column":null}}}},"branchMap":{"0":{"loc":{"start":{"line":37,"column":12},"end":{"line":42,"column":13}},"type":"if","locations":[{"start":{"line":37,"column":12},"end":{"line":42,"column":13}},{"start":{"line":39,"column":19},"end":{"line":42,"column":13}}]},"1":{"loc":{"start":{"line":50,"column":26},"end":{"line":50,"column":63}},"type":"cond-expr","locations":[{"start":{"line":50,"column":43},"end":{"line":50,"column":58}},{"start":{"line":50,"column":61},"end":{"line":50,"column":63}}]},"2":{"loc":{"start":{"line":51,"column":27},"end":{"line":51,"column":91}},"type":"cond-expr","locations":[{"start":{"line":51,"column":58},"end":{"line":51,"column":87}},{"start":{"line":51,"column":90},"end":{"line":51,"column":91}}]},"3":{"loc":{"start":{"line":51,"column":27},"end":{"line":51,"column":55}},"type":"binary-expr","locations":[{"start":{"line":51,"column":27},"end":{"line":51,"column":37}},{"start":{"line":51,"column":41},"end":{"line":51,"column":55}}]},"4":{"loc":{"start":{"line":53,"column":12},"end":{"line":64,"column":13}},"type":"if","locations":[{"start":{"line":53,"column":12},"end":{"line":64,"column":13}}]},"5":{"loc":{"start":{"line":53,"column":15},"end":{"line":53,"column":39}},"type":"cond-expr","locations":[{"start":{"line":53,"column":29},"end":{"line":53,"column":31}},{"start":{"line":53,"column":29},"end":{"line":53,"column":39}}]},"6":{"loc":{"start":{"line":53,"column":15},"end":{"line":53,"column":31}},"type":"binary-expr","locations":[{"start":{"line":53,"column":15},"end":{"line":53,"column":31}},{"start":{"line":53,"column":29},"end":{"line":53,"column":31}}]},"7":{"loc":{"start":{"line":61,"column":26},"end":{"line":61,"column":56}},"type":"cond-expr","locations":[{"start":{"line":61,"column":40},"end":{"line":61,"column":51}},{"start":{"line":61,"column":54},"end":{"line":61,"column":56}}]},"8":{"loc":{"start":{"line":62,"column":27},"end":{"line":62,"column":44}},"type":"cond-expr","locations":[{"start":{"line":62,"column":35},"end":{"line":62,"column":40}},{"start":{"line":62,"column":43},"end":{"line":62,"column":44}}]},"9":{"loc":{"start":{"line":73,"column":22},"end":{"line":73,"column":52}},"type":"cond-expr","locations":[{"start":{"line":73,"column":36},"end":{"line":73,"column":47}},{"start":{"line":73,"column":50},"end":{"line":73,"column":52}}]},"10":{"loc":{"start":{"line":74,"column":23},"end":{"line":74,"column":40}},"type":"cond-expr","locations":[{"start":{"line":74,"column":31},"end":{"line":74,"column":36}},{"start":{"line":74,"column":39},"end":{"line":74,"column":40}}]},"11":{"loc":{"start":{"line":94,"column":12},"end":{"line":96,"column":13}},"type":"if","locations":[{"start":{"line":94,"column":12},"end":{"line":96,"column":13}}]},"12":{"loc":{"start":{"line":158,"column":12},"end":{"line":160,"column":13}},"type":"if","locations":[{"start":{"line":158,"column":12},"end":{"line":160,"column":13}}]}},"s":{"0":2,"1":2,"2":2,"3":0,"4":0,"5":0,"6":0,"7":0,"8":0,"9":0,"10":0,"11":0,"12":0,"13":0,"14":0,"15":0,"16":0,"17":0,"18":0,"19":0,"20":0,"21":0,"22":0,"23":0,"24":0,"25":0,"26":0,"27":0,"28":0,"29":0,"30":0,"31":0,"32":0,"33":0,"34":0,"35":0,"36":0,"37":0,"38":0,"39":0,"40":0,"41":0,"42":0,"43":0,"44":0,"45":0,"46":0,"47":0,"48":0,"49":0,"50":0,"51":0,"52":0,"53":0,"54":0,"55":0,"56":0,"57":0,"58":0,"59":2},"f":{"0":2,"1":0,"2":0,"3":0,"4":0,"5":0,"6":0,"7":0,"8":0},"b":{"0":[0,0],"1":[0,0],"2":[0,0],"3":[0,0],"4":[0],"5":[0,0],"6":[0,0],"7":[0,0],"8":[0,0],"9":[0,0],"10":[0,0],"11":[0],"12":[0]}}
,"E:\\UMB\\ingenieria web 1\\actividad 1\\backend\\src\\domain\\repository\\auth-repository.ts": {"path":"E:\\UMB\\ingenieria web 1\\actividad 1\\backend\\src\\domain\\repository\\auth-repository.ts","statementMap":{"0":{"start":{"line":2,"column":0},"end":{"line":2,"column":68}},"1":{"start":{"line":3,"column":0},"end":{"line":3,"column":98}},"2":{"start":{"line":4,"column":0},"end":{"line":4,"column":62}},"3":{"start":{"line":5,"column":0},"end":{"line":5,"column":51}},"4":{"start":{"line":7,"column":0},"end":{"line":7,"column":76}},"5":{"start":{"line":15,"column":8},"end":{"line":27,"column":9}},"6":{"start":{"line":16,"column":25},"end":{"line":20,"column":14}},"7":{"start":{"line":21,"column":12},"end":{"line":23,"column":13}},"8":{"start":{"line":22,"column":16},"end":{"line":22,"column":28}},"9":{"start":{"line":24,"column":12},"end":{"line":24,"column":42}},"10":{"start":{"line":26,"column":12},"end":{"line":26,"column":24}},"11":{"start":{"line":31,"column":8},"end":{"line":44,"column":9}},"12":{"start":{"line":32,"column":35},"end":{"line":37,"column":14}},"13":{"start":{"line":38,"column":12},"end":{"line":40,"column":13}},"14":{"start":{"line":39,"column":16},"end":{"line":39,"column":28}},"15":{"start":{"line":41,"column":12},"end":{"line":41,"column":62}},"16":{"start":{"line":43,"column":12},"end":{"line":43,"column":24}},"17":{"start":{"line":48,"column":8},"end":{"line":63,"column":9}},"18":{"start":{"line":49,"column":25},"end":{"line":49,"column":58}},"19":{"start":{"line":50,"column":12},"end":{"line":52,"column":13}},"20":{"start":{"line":51,"column":16},"end":{"line":51,"column":28}},"21":{"start":{"line":53,"column":12},"end":{"line":60,"column":32}},"22":{"start":{"line":62,"column":12},"end":{"line":62,"column":24}},"23":{"start":{"line":68,"column":8},"end":{"line":142,"column":9}},"24":{"start":{"line":69,"column":25},"end":{"line":69,"column":70}},"25":{"start":{"line":70,"column":12},"end":{"line":82,"column":13}},"26":{"start":{"line":71,"column":16},"end":{"line":81,"column":null}},"27":{"start":{"line":84,"column":25},"end":{"line":84,"column":82}},"28":{"start":{"line":85,"column":12},"end":{"line":97,"column":13}},"29":{"start":{"line":86,"column":16},"end":{"line":96,"column":null}},"30":{"start":{"line":99,"column":36},"end":{"line":99,"column":82}},"31":{"start":{"line":100,"column":12},"end":{"line":112,"column":13}},"32":{"start":{"line":101,"column":16},"end":{"line":111,"column":null}},"33":{"start":{"line":114,"column":26},"end":{"line":118,"column":14}},"34":{"start":{"line":120,"column":12},"end":{"line":129,"column":14}},"35":{"start":{"line":131,"column":12},"end":{"line":141,"column":null}},"36":{"start":{"line":146,"column":8},"end":{"line":203,"column":11}},"37":{"start":{"line":150,"column":33},"end":{"line":150,"column":95}},"38":{"start":{"line":151,"column":12},"end":{"line":162,"column":13}},"39":{"start":{"line":152,"column":16},"end":{"line":161,"column":null}},"40":{"start":{"line":164,"column":29},"end":{"line":171,"column":null}},"41":{"start":{"line":173,"column":25},"end":{"line":173,"column":57}},"42":{"start":{"line":176,"column":35},"end":{"line":176,"column":72}},"43":{"start":{"line":177,"column":12},"end":{"line":180,"column":15}},"44":{"start":{"line":182,"column":12},"end":{"line":191,"column":null}},"45":{"start":{"line":193,"column":12},"end":{"line":202,"column":null}},"46":{"start":{"line":207,"column":8},"end":{"line":217,"column":9}},"47":{"start":{"line":208,"column":25},"end":{"line":208,"column":81}},"48":{"start":{"line":209,"column":12},"end":{"line":211,"column":13}},"49":{"start":{"line":210,"column":16},"end":{"line":210,"column":29}},"50":{"start":{"line":213,"column":12},"end":{"line":213,"column":60}},"51":{"start":{"line":214,"column":12},"end":{"line":214,"column":24}},"52":{"start":{"line":216,"column":12},"end":{"line":216,"column":24}},"53":{"start":{"line":9,"column":0},"end":{"line":9,"column":13}}},"fnMap":{"0":{"name":"(anonymous_8)","decl":{"start":{"line":11,"column":4},"end":{"line":11,"column":null}},"loc":{"start":{"line":11,"column":4},"end":{"line":12,"column":5}}},"1":{"name":"(anonymous_9)","decl":{"start":{"line":14,"column":10},"end":{"line":14,"column":27}},"loc":{"start":{"line":14,"column":41},"end":{"line":28,"column":null}}},"2":{"name":"(anonymous_11)","decl":{"start":{"line":30,"column":10},"end":{"line":30,"column":30}},"loc":{"start":{"line":30,"column":66},"end":{"line":45,"column":null}}},"3":{"name":"(anonymous_13)","decl":{"start":{"line":47,"column":10},"end":{"line":47,"column":21}},"loc":{"start":{"line":47,"column":37},"end":{"line":64,"column":null}}},"4":{"name":"(anonymous_15)","decl":{"start":{"line":67,"column":10},"end":{"line":67,"column":15}},"loc":{"start":{"line":67,"column":47},"end":{"line":143,"column":null}}},"5":{"name":"(anonymous_17)","decl":{"start":{"line":145,"column":10},"end":{"line":145,"column":18}},"loc":{"start":{"line":145,"column":48},"end":{"line":204,"column":null}}},"6":{"name":"(anonymous_19)","decl":{"start":{"line":206,"column":10},"end":{"line":206,"column":24}},"loc":{"start":{"line":206,"column":63},"end":{"line":218,"column":null}}}},"branchMap":{"0":{"loc":{"start":{"line":21,"column":12},"end":{"line":23,"column":13}},"type":"if","locations":[{"start":{"line":21,"column":12},"end":{"line":23,"column":13}}]},"1":{"loc":{"start":{"line":38,"column":12},"end":{"line":40,"column":13}},"type":"if","locations":[{"start":{"line":38,"column":12},"end":{"line":40,"column":13}}]},"2":{"loc":{"start":{"line":50,"column":12},"end":{"line":52,"column":13}},"type":"if","locations":[{"start":{"line":50,"column":12},"end":{"line":52,"column":13}}]},"3":{"loc":{"start":{"line":70,"column":12},"end":{"line":82,"column":13}},"type":"if","locations":[{"start":{"line":70,"column":12},"end":{"line":82,"column":13}}]},"4":{"loc":{"start":{"line":85,"column":12},"end":{"line":97,"column":13}},"type":"if","locations":[{"start":{"line":85,"column":12},"end":{"line":97,"column":13}}]},"5":{"loc":{"start":{"line":100,"column":12},"end":{"line":112,"column":13}},"type":"if","locations":[{"start":{"line":100,"column":12},"end":{"line":112,"column":13}}]},"6":{"loc":{"start":{"line":117,"column":22},"end":{"line":117,"column":42}},"type":"binary-expr","locations":[{"start":{"line":117,"column":22},"end":{"line":117,"column":36}},{"start":{"line":117,"column":40},"end":{"line":117,"column":42}}]},"7":{"loc":{"start":{"line":127,"column":26},"end":{"line":127,"column":46}},"type":"binary-expr","locations":[{"start":{"line":127,"column":26},"end":{"line":127,"column":40}},{"start":{"line":127,"column":44},"end":{"line":127,"column":46}}]},"8":{"loc":{"start":{"line":151,"column":12},"end":{"line":162,"column":13}},"type":"if","locations":[{"start":{"line":151,"column":12},"end":{"line":162,"column":13}}]},"9":{"loc":{"start":{"line":189,"column":26},"end":{"line":189,"column":53}},"type":"binary-expr","locations":[{"start":{"line":189,"column":26},"end":{"line":189,"column":40}},{"start":{"line":189,"column":44},"end":{"line":189,"column":53}}]},"10":{"loc":{"start":{"line":209,"column":12},"end":{"line":211,"column":13}},"type":"if","locations":[{"start":{"line":209,"column":12},"end":{"line":211,"column":13}}]}},"s":{"0":3,"1":3,"2":3,"3":3,"4":3,"5":0,"6":0,"7":0,"8":0,"9":0,"10":0,"11":0,"12":0,"13":0,"14":0,"15":0,"16":0,"17":0,"18":0,"19":0,"20":0,"21":0,"22":0,"23":3,"24":3,"25":3,"26":1,"27":2,"28":2,"29":0,"30":2,"31":2,"32":1,"33":1,"34":1,"35":0,"36":2,"37":2,"38":2,"39":1,"40":1,"41":1,"42":1,"43":1,"44":1,"45":0,"46":0,"47":0,"48":0,"49":0,"50":0,"51":0,"52":0,"53":3},"f":{"0":7,"1":0,"2":0,"3":0,"4":3,"5":2,"6":0},"b":{"0":[0],"1":[0],"2":[0],"3":[1],"4":[0],"5":[1],"6":[1,0],"7":[1,0],"8":[1],"9":[1,0],"10":[0]}}
,"E:\\UMB\\ingenieria web 1\\actividad 1\\backend\\src\\domain\\repository\\blog-repository.ts": {"path":"E:\\UMB\\ingenieria web 1\\actividad 1\\backend\\src\\domain\\repository\\blog-repository.ts","statementMap":{"0":{"start":{"line":4,"column":0},"end":{"line":4,"column":92}},"1":{"start":{"line":14,"column":8},"end":{"line":19,"column":9}},"2":{"start":{"line":15,"column":29},"end":{"line":15,"column":57}},"3":{"start":{"line":16,"column":12},"end":{"line":16,"column":62}},"4":{"start":{"line":18,"column":12},"end":{"line":18,"column":24}},"5":{"start":{"line":23,"column":8},"end":{"line":45,"column":9}},"6":{"start":{"line":24,"column":26},"end":{"line":24,"column":63}},"7":{"start":{"line":25,"column":27},"end":{"line":25,"column":91}},"8":{"start":{"line":26,"column":26},"end":{"line":28,"column":14}},"9":{"start":{"line":29,"column":29},"end":{"line":35,"column":14}},"10":{"start":{"line":36,"column":12},"end":{"line":41,"column":null}},"11":{"start":{"line":39,"column":52},"end":{"line":39,"column":62}},"12":{"start":{"line":43,"column":12},"end":{"line":43,"column":79}},"13":{"start":{"line":44,"column":12},"end":{"line":44,"column":24}},"14":{"start":{"line":49,"column":8},"end":{"line":59,"column":9}},"15":{"start":{"line":50,"column":25},"end":{"line":50,"column":58}},"16":{"start":{"line":51,"column":12},"end":{"line":53,"column":13}},"17":{"start":{"line":52,"column":16},"end":{"line":52,"column":70}},"18":{"start":{"line":54,"column":12},"end":{"line":54,"column":33}},"19":{"start":{"line":55,"column":12},"end":{"line":55,"column":64}},"20":{"start":{"line":58,"column":12},"end":{"line":58,"column":72}},"21":{"start":{"line":63,"column":8},"end":{"line":81,"column":9}},"22":{"start":{"line":64,"column":25},"end":{"line":69,"column":null}},"23":{"start":{"line":70,"column":12},"end":{"line":70,"column":95}},"24":{"start":{"line":71,"column":29},"end":{"line":71,"column":62}},"25":{"start":{"line":72,"column":12},"end":{"line":74,"column":13}},"26":{"start":{"line":73,"column":16},"end":{"line":73,"column":70}},"27":{"start":{"line":75,"column":33},"end":{"line":75,"column":60}},"28":{"start":{"line":76,"column":12},"end":{"line":78,"column":null}},"29":{"start":{"line":80,"column":12},"end":{"line":80,"column":72}},"30":{"start":{"line":8,"column":0},"end":{"line":8,"column":13}}},"fnMap":{"0":{"name":"(anonymous_8)","decl":{"start":{"line":10,"column":4},"end":{"line":10,"column":null}},"loc":{"start":{"line":10,"column":4},"end":{"line":11,"column":5}}},"1":{"name":"(anonymous_9)","decl":{"start":{"line":13,"column":10},"end":{"line":13,"column":16}},"loc":{"start":{"line":13,"column":45},"end":{"line":20,"column":null}}},"2":{"name":"(anonymous_11)","decl":{"start":{"line":22,"column":10},"end":{"line":22,"column":30}},"loc":{"start":{"line":22,"column":79},"end":{"line":46,"column":null}}},"3":{"name":"(anonymous_13)","decl":{"start":{"line":39,"column":47},"end":{"line":39,"column":48}},"loc":{"start":{"line":39,"column":52},"end":{"line":39,"column":62}}},"4":{"name":"(anonymous_14)","decl":{"start":{"line":48,"column":10},"end":{"line":48,"column":16}},"loc":{"start":{"line":48,"column":32},"end":{"line":60,"column":null}}},"5":{"name":"(anonymous_16)","decl":{"start":{"line":62,"column":10},"end":{"line":62,"column":16}},"loc":{"start":{"line":62,"column":39},"end":{"line":82,"column":null}}}},"branchMap":{"0":{"loc":{"start":{"line":24,"column":26},"end":{"line":24,"column":63}},"type":"cond-expr","locations":[{"start":{"line":24,"column":43},"end":{"line":24,"column":58}},{"start":{"line":24,"column":61},"end":{"line":24,"column":63}}]},"1":{"loc":{"start":{"line":25,"column":27},"end":{"line":25,"column":91}},"type":"cond-expr","locations":[{"start":{"line":25,"column":58},"end":{"line":25,"column":87}},{"start":{"line":25,"column":90},"end":{"line":25,"column":91}}]},"2":{"loc":{"start":{"line":25,"column":27},"end":{"line":25,"column":55}},"type":"binary-expr","locations":[{"start":{"line":25,"column":27},"end":{"line":25,"column":37}},{"start":{"line":25,"column":41},"end":{"line":25,"column":55}}]},"3":{"loc":{"start":{"line":39,"column":22},"end":{"line":39,"column":69}},"type":"cond-expr","locations":[{"start":{"line":39,"column":33},"end":{"line":39,"column":64}},{"start":{"line":39,"column":67},"end":{"line":39,"column":69}}]},"4":{"loc":{"start":{"line":40,"column":23},"end":{"line":40,"column":40}},"type":"cond-expr","locations":[{"start":{"line":40,"column":31},"end":{"line":40,"column":36}},{"start":{"line":40,"column":39},"end":{"line":40,"column":40}}]},"5":{"loc":{"start":{"line":51,"column":12},"end":{"line":53,"column":13}},"type":"if","locations":[{"start":{"line":51,"column":12},"end":{"line":53,"column":13}}]},"6":{"loc":{"start":{"line":72,"column":12},"end":{"line":74,"column":13}},"type":"if","locations":[{"start":{"line":72,"column":12},"end":{"line":74,"column":13}}]}},"s":{"0":3,"1":2,"2":2,"3":1,"4":1,"5":2,"6":2,"7":2,"8":2,"9":1,"10":1,"11":2,"12":1,"13":1,"14":2,"15":2,"16":2,"17":1,"18":1,"19":1,"20":0,"21":2,"22":2,"23":2,"24":2,"25":2,"26":1,"27":1,"28":1,"29":0,"30":3},"f":{"0":10,"1":2,"2":2,"3":2,"4":2,"5":2},"b":{"0":[2,0],"1":[2,0],"2":[2,2],"3":[1,0],"4":[1,0],"5":[1],"6":[1]}}
,"E:\\UMB\\ingenieria web 1\\actividad 1\\backend\\src\\domain\\repository\\otp-repository.ts": {"path":"E:\\UMB\\ingenieria web 1\\actividad 1\\backend\\src\\domain\\repository\\otp-repository.ts","statementMap":{"0":{"start":{"line":3,"column":0},"end":{"line":3,"column":26}},"1":{"start":{"line":4,"column":0},"end":{"line":4,"column":104}},"2":{"start":{"line":12,"column":8},"end":{"line":29,"column":9}},"3":{"start":{"line":13,"column":27},"end":{"line":22,"column":null}},"4":{"start":{"line":23,"column":30},"end":{"line":23,"column":57}},"5":{"start":{"line":24,"column":12},"end":{"line":24,"column":null}},"6":{"start":{"line":26,"column":12},"end":{"line":26,"column":53}},"7":{"start":{"line":27,"column":12},"end":{"line":27,"column":33}},"8":{"start":{"line":28,"column":12},"end":{"line":28,"column":24}},"9":{"start":{"line":33,"column":8},"end":{"line":38,"column":9}},"10":{"start":{"line":34,"column":28},"end":{"line":34,"column":58}},"11":{"start":{"line":35,"column":12},"end":{"line":35,"column":53}},"12":{"start":{"line":37,"column":12},"end":{"line":37,"column":24}},"13":{"start":{"line":42,"column":8},"end":{"line":57,"column":9}},"14":{"start":{"line":43,"column":24},"end":{"line":49,"column":14}},"15":{"start":{"line":50,"column":12},"end":{"line":54,"column":13}},"16":{"start":{"line":51,"column":16},"end":{"line":51,"column":48}},"17":{"start":{"line":53,"column":16},"end":{"line":53,"column":28}},"18":{"start":{"line":56,"column":12},"end":{"line":56,"column":24}},"19":{"start":{"line":61,"column":8},"end":{"line":74,"column":9}},"20":{"start":{"line":62,"column":27},"end":{"line":69,"column":null}},"21":{"start":{"line":70,"column":30},"end":{"line":70,"column":57}},"22":{"start":{"line":71,"column":12},"end":{"line":71,"column":null}},"23":{"start":{"line":73,"column":12},"end":{"line":73,"column":24}},"24":{"start":{"line":6,"column":0},"end":{"line":6,"column":13}}},"fnMap":{"0":{"name":"(anonymous_8)","decl":{"start":{"line":8,"column":4},"end":{"line":8,"column":null}},"loc":{"start":{"line":8,"column":4},"end":{"line":9,"column":5}}},"1":{"name":"(anonymous_9)","decl":{"start":{"line":11,"column":10},"end":{"line":11,"column":24}},"loc":{"start":{"line":11,"column":60},"end":{"line":30,"column":null}}},"2":{"name":"(anonymous_11)","decl":{"start":{"line":32,"column":10},"end":{"line":32,"column":19}},"loc":{"start":{"line":32,"column":50},"end":{"line":39,"column":null}}},"3":{"name":"(anonymous_13)","decl":{"start":{"line":41,"column":10},"end":{"line":41,"column":19}},"loc":{"start":{"line":41,"column":45},"end":{"line":58,"column":null}}},"4":{"name":"(anonymous_15)","decl":{"start":{"line":60,"column":10},"end":{"line":60,"column":25}},"loc":{"start":{"line":60,"column":43},"end":{"line":75,"column":null}}}},"branchMap":{"0":{"loc":{"start":{"line":50,"column":12},"end":{"line":54,"column":13}},"type":"if","locations":[{"start":{"line":50,"column":12},"end":{"line":54,"column":13}},{"start":{"line":52,"column":19},"end":{"line":54,"column":13}}]}},"s":{"0":2,"1":2,"2":0,"3":0,"4":0,"5":0,"6":0,"7":0,"8":0,"9":0,"10":0,"11":0,"12":0,"13":0,"14":0,"15":0,"16":0,"17":0,"18":0,"19":0,"20":0,"21":0,"22":0,"23":0,"24":2},"f":{"0":2,"1":0,"2":0,"3":0,"4":0},"b":{"0":[0,0]}}
,"E:\\UMB\\ingenieria web 1\\actividad 1\\backend\\src\\domain\\repository\\user-repository.ts": {"path":"E:\\UMB\\ingenieria web 1\\actividad 1\\backend\\src\\domain\\repository\\user-repository.ts","statementMap":{"0":{"start":{"line":2,"column":0},"end":{"line":2,"column":92}},"1":{"start":{"line":5,"column":0},"end":{"line":5,"column":106}},"2":{"start":{"line":7,"column":0},"end":{"line":7,"column":56}},"3":{"start":{"line":19,"column":8},"end":{"line":24,"column":9}},"4":{"start":{"line":20,"column":29},"end":{"line":20,"column":57}},"5":{"start":{"line":21,"column":12},"end":{"line":21,"column":62}},"6":{"start":{"line":23,"column":12},"end":{"line":23,"column":24}},"7":{"start":{"line":28,"column":8},"end":{"line":48,"column":9}},"8":{"start":{"line":29,"column":25},"end":{"line":33,"column":14}},"9":{"start":{"line":34,"column":12},"end":{"line":40,"column":13}},"10":{"start":{"line":35,"column":16},"end":{"line":39,"column":null}},"11":{"start":{"line":41,"column":12},"end":{"line":45,"column":null}},"12":{"start":{"line":47,"column":12},"end":{"line":47,"column":24}},"13":{"start":{"line":52,"column":8},"end":{"line":72,"column":9}},"14":{"start":{"line":53,"column":25},"end":{"line":57,"column":14}},"15":{"start":{"line":58,"column":12},"end":{"line":64,"column":13}},"16":{"start":{"line":59,"column":16},"end":{"line":63,"column":null}},"17":{"start":{"line":65,"column":12},"end":{"line":69,"column":null}},"18":{"start":{"line":71,"column":12},"end":{"line":71,"column":24}},"19":{"start":{"line":76,"column":8},"end":{"line":116,"column":9}},"20":{"start":{"line":77,"column":26},"end":{"line":77,"column":63}},"21":{"start":{"line":78,"column":27},"end":{"line":78,"column":91}},"22":{"start":{"line":79,"column":26},"end":{"line":90,"column":14}},"23":{"start":{"line":91,"column":29},"end":{"line":106,"column":14}},"24":{"start":{"line":107,"column":12},"end":{"line":112,"column":null}},"25":{"start":{"line":110,"column":52},"end":{"line":110,"column":62}},"26":{"start":{"line":114,"column":12},"end":{"line":114,"column":70}},"27":{"start":{"line":115,"column":12},"end":{"line":115,"column":24}},"28":{"start":{"line":120,"column":8},"end":{"line":128,"column":9}},"29":{"start":{"line":121,"column":41},"end":{"line":121,"column":89}},"30":{"start":{"line":122,"column":12},"end":{"line":125,"column":34}},"31":{"start":{"line":127,"column":12},"end":{"line":127,"column":24}},"32":{"start":{"line":133,"column":8},"end":{"line":157,"column":9}},"33":{"start":{"line":134,"column":38},"end":{"line":136,"column":14}},"34":{"start":{"line":137,"column":12},"end":{"line":137,"column":79}},"35":{"start":{"line":138,"column":12},"end":{"line":146,"column":13}},"36":{"start":{"line":139,"column":29},"end":{"line":139,"column":62}},"37":{"start":{"line":140,"column":16},"end":{"line":145,"column":17}},"38":{"start":{"line":141,"column":20},"end":{"line":141,"column":74}},"39":{"start":{"line":143,"column":20},"end":{"line":143,"column":41}},"40":{"start":{"line":144,"column":20},"end":{"line":144,"column":72}},"41":{"start":{"line":147,"column":12},"end":{"line":153,"column":13}},"42":{"start":{"line":149,"column":43},"end":{"line":149,"column":132}},"43":{"start":{"line":149,"column":84},"end":{"line":149,"column":131}},"44":{"start":{"line":150,"column":36},"end":{"line":150,"column":107}},"45":{"start":{"line":151,"column":16},"end":{"line":151,"column":39}},"46":{"start":{"line":152,"column":16},"end":{"line":152,"column":92}},"47":{"start":{"line":154,"column":12},"end":{"line":154,"column":80}},"48":{"start":{"line":156,"column":12},"end":{"line":156,"column":72}},"49":{"start":{"line":161,"column":8},"end":{"line":179,"column":9}},"50":{"start":{"line":162,"column":26},"end":{"line":162,"column":63}},"51":{"start":{"line":163,"column":27},"end":{"line":163,"column":91}},"52":{"start":{"line":164,"column":26},"end":{"line":164,"column":49}},"53":{"start":{"line":165,"column":29},"end":{"line":170,"column":14}},"54":{"start":{"line":171,"column":12},"end":{"line":174,"column":null}},"55":{"start":{"line":176,"column":12},"end":{"line":176,"column":61}},"56":{"start":{"line":177,"column":12},"end":{"line":177,"column":31}},"57":{"start":{"line":178,"column":12},"end":{"line":178,"column":72}},"58":{"start":{"line":183,"column":8},"end":{"line":202,"column":9}},"59":{"start":{"line":184,"column":25},"end":{"line":190,"column":null}},"60":{"start":{"line":191,"column":12},"end":{"line":191,"column":101}},"61":{"start":{"line":192,"column":29},"end":{"line":192,"column":62}},"62":{"start":{"line":193,"column":12},"end":{"line":195,"column":13}},"63":{"start":{"line":194,"column":16},"end":{"line":194,"column":70}},"64":{"start":{"line":196,"column":33},"end":{"line":196,"column":60}},"65":{"start":{"line":197,"column":12},"end":{"line":199,"column":null}},"66":{"start":{"line":201,"column":12},"end":{"line":201,"column":72}},"67":{"start":{"line":13,"column":0},"end":{"line":13,"column":13}}},"fnMap":{"0":{"name":"(anonymous_8)","decl":{"start":{"line":15,"column":4},"end":{"line":15,"column":null}},"loc":{"start":{"line":15,"column":4},"end":{"line":16,"column":5}}},"1":{"name":"(anonymous_9)","decl":{"start":{"line":18,"column":10},"end":{"line":18,"column":16}},"loc":{"start":{"line":18,"column":45},"end":{"line":25,"column":null}}},"2":{"name":"(anonymous_11)","decl":{"start":{"line":27,"column":10},"end":{"line":27,"column":24}},"loc":{"start":{"line":27,"column":38},"end":{"line":49,"column":null}}},"3":{"name":"(anonymous_13)","decl":{"start":{"line":51,"column":10},"end":{"line":51,"column":24}},"loc":{"start":{"line":51,"column":38},"end":{"line":73,"column":null}}},"4":{"name":"(anonymous_15)","decl":{"start":{"line":75,"column":10},"end":{"line":75,"column":29}},"loc":{"start":{"line":75,"column":78},"end":{"line":117,"column":null}}},"5":{"name":"(anonymous_17)","decl":{"start":{"line":110,"column":47},"end":{"line":110,"column":48}},"loc":{"start":{"line":110,"column":52},"end":{"line":110,"column":62}}},"6":{"name":"(anonymous_18)","decl":{"start":{"line":119,"column":10},"end":{"line":119,"column":30}},"loc":{"start":{"line":119,"column":79},"end":{"line":129,"column":null}}},"7":{"name":"(anonymous_20)","decl":{"start":{"line":132,"column":10},"end":{"line":132,"column":16}},"loc":{"start":{"line":132,"column":52},"end":{"line":158,"column":null}}},"8":{"name":"(anonymous_22)","decl":{"start":{"line":149,"column":68},"end":{"line":149,"column":69}},"loc":{"start":{"line":149,"column":84},"end":{"line":149,"column":131}}},"9":{"name":"(anonymous_23)","decl":{"start":{"line":160,"column":10},"end":{"line":160,"column":16}},"loc":{"start":{"line":160,"column":45},"end":{"line":180,"column":null}}},"10":{"name":"(anonymous_25)","decl":{"start":{"line":182,"column":10},"end":{"line":182,"column":16}},"loc":{"start":{"line":182,"column":39},"end":{"line":203,"column":null}}}},"branchMap":{"0":{"loc":{"start":{"line":34,"column":12},"end":{"line":40,"column":13}},"type":"if","locations":[{"start":{"line":34,"column":12},"end":{"line":40,"column":13}}]},"1":{"loc":{"start":{"line":58,"column":12},"end":{"line":64,"column":13}},"type":"if","locations":[{"start":{"line":58,"column":12},"end":{"line":64,"column":13}}]},"2":{"loc":{"start":{"line":77,"column":26},"end":{"line":77,"column":63}},"type":"cond-expr","locations":[{"start":{"line":77,"column":43},"end":{"line":77,"column":58}},{"start":{"line":77,"column":61},"end":{"line":77,"column":63}}]},"3":{"loc":{"start":{"line":78,"column":27},"end":{"line":78,"column":91}},"type":"cond-expr","locations":[{"start":{"line":78,"column":58},"end":{"line":78,"column":87}},{"start":{"line":78,"column":90},"end":{"line":78,"column":91}}]},"4":{"loc":{"start":{"line":78,"column":27},"end":{"line":78,"column":55}},"type":"binary-expr","locations":[{"start":{"line":78,"column":27},"end":{"line":78,"column":37}},{"start":{"line":78,"column":41},"end":{"line":78,"column":55}}]},"5":{"loc":{"start":{"line":110,"column":22},"end":{"line":110,"column":69}},"type":"cond-expr","locations":[{"start":{"line":110,"column":33},"end":{"line":110,"column":64}},{"start":{"line":110,"column":67},"end":{"line":110,"column":69}}]},"6":{"loc":{"start":{"line":111,"column":23},"end":{"line":111,"column":40}},"type":"cond-expr","locations":[{"start":{"line":111,"column":31},"end":{"line":111,"column":36}},{"start":{"line":111,"column":39},"end":{"line":111,"column":40}}]},"7":{"loc":{"start":{"line":138,"column":12},"end":{"line":146,"column":13}},"type":"if","locations":[{"start":{"line":138,"column":12},"end":{"line":146,"column":13}}]},"8":{"loc":{"start":{"line":140,"column":16},"end":{"line":145,"column":17}},"type":"if","locations":[{"start":{"line":140,"column":16},"end":{"line":145,"column":17}},{"start":{"line":142,"column":23},"end":{"line":145,"column":17}}]},"9":{"loc":{"start":{"line":147,"column":12},"end":{"line":153,"column":13}},"type":"if","locations":[{"start":{"line":147,"column":12},"end":{"line":153,"column":13}}]},"10":{"loc":{"start":{"line":151,"column":16},"end":{"line":151,"column":38}},"type":"cond-expr","locations":[{"start":{"line":151,"column":27},"end":{"line":151,"column":29}},{"start":{"line":151,"column":16},"end":{"line":151,"column":38}}]},"11":{"loc":{"start":{"line":151,"column":16},"end":{"line":151,"column":29}},"type":"binary-expr","locations":[{"start":{"line":151,"column":16},"end":{"line":151,"column":29}},{"start":{"line":151,"column":16},"end":{"line":151,"column":29}}]},"12":{"loc":{"start":{"line":162,"column":26},"end":{"line":162,"column":63}},"type":"cond-expr","locations":[{"start":{"line":162,"column":43},"end":{"line":162,"column":58}},{"start":{"line":162,"column":61},"end":{"line":162,"column":63}}]},"13":{"loc":{"start":{"line":163,"column":27},"end":{"line":163,"column":91}},"type":"cond-expr","locations":[{"start":{"line":163,"column":58},"end":{"line":163,"column":87}},{"start":{"line":163,"column":90},"end":{"line":163,"column":91}}]},"14":{"loc":{"start":{"line":163,"column":27},"end":{"line":163,"column":55}},"type":"binary-expr","locations":[{"start":{"line":163,"column":27},"end":{"line":163,"column":37}},{"start":{"line":163,"column":41},"end":{"line":163,"column":55}}]},"15":{"loc":{"start":{"line":172,"column":22},"end":{"line":172,"column":46}},"type":"cond-expr","locations":[{"start":{"line":172,"column":33},"end":{"line":172,"column":41}},{"start":{"line":172,"column":44},"end":{"line":172,"column":46}}]},"16":{"loc":{"start":{"line":173,"column":23},"end":{"line":173,"column":40}},"type":"cond-expr","locations":[{"start":{"line":173,"column":31},"end":{"line":173,"column":36}},{"start":{"line":173,"column":39},"end":{"line":173,"column":40}}]},"17":{"loc":{"start":{"line":193,"column":12},"end":{"line":195,"column":13}},"type":"if","locations":[{"start":{"line":193,"column":12},"end":{"line":195,"column":13}}]}},"s":{"0":2,"1":2,"2":2,"3":0,"4":0,"5":0,"6":0,"7":0,"8":0,"9":0,"10":0,"11":0,"12":0,"13":0,"14":0,"15":0,"16":0,"17":0,"18":0,"19":0,"20":0,"21":0,"22":0,"23":0,"24":0,"25":0,"26":0,"27":0,"28":0,"29":0,"30":0,"31":0,"32":0,"33":0,"34":0,"35":0,"36":0,"37":0,"38":0,"39":0,"40":0,"41":0,"42":0,"43":0,"44":0,"45":0,"46":0,"47":0,"48":0,"49":0,"50":0,"51":0,"52":0,"53":0,"54":0,"55":0,"56":0,"57":0,"58":0,"59":0,"60":0,"61":0,"62":0,"63":0,"64":0,"65":0,"66":0,"67":2},"f":{"0":2,"1":0,"2":0,"3":0,"4":0,"5":0,"6":0,"7":0,"8":0,"9":0,"10":0},"b":{"0":[0],"1":[0],"2":[0,0],"3":[0,0],"4":[0,0],"5":[0,0],"6":[0,0],"7":[0],"8":[0,0],"9":[0],"10":[0,0],"11":[0,0],"12":[0,0],"13":[0,0],"14":[0,0],"15":[0,0],"16":[0,0],"17":[0]}}
,"E:\\UMB\\ingenieria web 1\\actividad 1\\backend\\src\\infrastructure\\services\\account-service.ts": {"path":"E:\\UMB\\ingenieria web 1\\actividad 1\\backend\\src\\infrastructure\\services\\account-service.ts","statementMap":{"0":{"start":{"line":20,"column":8},"end":{"line":20,"column":51}},"1":{"start":{"line":21,"column":8},"end":{"line":21,"column":45}},"2":{"start":{"line":25,"column":28},"end":{"line":25,"column":86}},"3":{"start":{"line":26,"column":8},"end":{"line":32,"column":9}},"4":{"start":{"line":27,"column":12},"end":{"line":27,"column":67}},"5":{"start":{"line":28,"column":12},"end":{"line":28,"column":66}},"6":{"start":{"line":29,"column":12},"end":{"line":29,"column":66}},"7":{"start":{"line":31,"column":12},"end":{"line":31,"column":52}},"8":{"start":{"line":33,"column":27},"end":{"line":33,"column":71}},"9":{"start":{"line":35,"column":8},"end":{"line":35,"column":null}},"10":{"start":{"line":36,"column":8},"end":{"line":39,"column":9}},"11":{"start":{"line":37,"column":22},"end":{"line":37,"column":115}},"12":{"start":{"line":38,"column":12},"end":{"line":38,"column":null}},"13":{"start":{"line":40,"column":8},"end":{"line":40,"column":null}},"14":{"start":{"line":44,"column":8},"end":{"line":44,"column":60}},"15":{"start":{"line":48,"column":8},"end":{"line":48,"column":63}},"16":{"start":{"line":52,"column":8},"end":{"line":52,"column":70}},"17":{"start":{"line":55,"column":25},"end":{"line":55,"column":82}},"18":{"start":{"line":56,"column":8},"end":{"line":59,"column":null}},"19":{"start":{"line":62,"column":29},"end":{"line":62,"column":92}},"20":{"start":{"line":63,"column":26},"end":{"line":63,"column":84}},"21":{"start":{"line":63,"column":61},"end":{"line":63,"column":83}},"22":{"start":{"line":65,"column":28},"end":{"line":65,"column":30}},"23":{"start":{"line":66,"column":8},"end":{"line":72,"column":9}},"24":{"start":{"line":67,"column":12},"end":{"line":67,"column":67}},"25":{"start":{"line":68,"column":12},"end":{"line":68,"column":94}},"26":{"start":{"line":68,"column":61},"end":{"line":68,"column":92}},"27":{"start":{"line":70,"column":12},"end":{"line":70,"column":52}},"28":{"start":{"line":71,"column":12},"end":{"line":71,"column":42}},"29":{"start":{"line":73,"column":8},"end":{"line":73,"column":69}},"30":{"start":{"line":75,"column":8},"end":{"line":79,"column":11}},"31":{"start":{"line":76,"column":12},"end":{"line":78,"column":null}},"32":{"start":{"line":77,"column":16},"end":{"line":77,"column":69}},"33":{"start":{"line":80,"column":26},"end":{"line":80,"column":91}},"34":{"start":{"line":80,"column":57},"end":{"line":80,"column":90}},"35":{"start":{"line":81,"column":33},"end":{"line":81,"column":109}},"36":{"start":{"line":81,"column":71},"end":{"line":81,"column":108}},"37":{"start":{"line":83,"column":8},"end":{"line":83,"column":40}},"38":{"start":{"line":85,"column":8},"end":{"line":88,"column":null}},"39":{"start":{"line":86,"column":22},"end":{"line":86,"column":80}},"40":{"start":{"line":87,"column":12},"end":{"line":87,"column":29}},"41":{"start":{"line":89,"column":8},"end":{"line":91,"column":null}},"42":{"start":{"line":14,"column":0},"end":{"line":14,"column":13}}},"fnMap":{"0":{"name":"(anonymous_7)","decl":{"start":{"line":19,"column":4},"end":{"line":19,"column":16}},"loc":{"start":{"line":19,"column":84},"end":{"line":22,"column":5}}},"1":{"name":"(anonymous_8)","decl":{"start":{"line":24,"column":10},"end":{"line":24,"column":16}},"loc":{"start":{"line":24,"column":62},"end":{"line":41,"column":null}}},"2":{"name":"(anonymous_10)","decl":{"start":{"line":43,"column":10},"end":{"line":43,"column":16}},"loc":{"start":{"line":43,"column":51},"end":{"line":45,"column":null}}},"3":{"name":"(anonymous_12)","decl":{"start":{"line":47,"column":10},"end":{"line":47,"column":16}},"loc":{"start":{"line":47,"column":35},"end":{"line":49,"column":null}}},"4":{"name":"(anonymous_14)","decl":{"start":{"line":51,"column":10},"end":{"line":51,"column":16}},"loc":{"start":{"line":51,"column":65},"end":{"line":53,"column":null}}},"5":{"name":"(anonymous_16)","decl":{"start":{"line":54,"column":10},"end":{"line":54,"column":34}},"loc":{"start":{"line":54,"column":50},"end":{"line":60,"column":null}}},"6":{"name":"(anonymous_18)","decl":{"start":{"line":61,"column":10},"end":{"line":61,"column":33}},"loc":{"start":{"line":61,"column":75},"end":{"line":92,"column":null}}},"7":{"name":"(anonymous_20)","decl":{"start":{"line":63,"column":43},"end":{"line":63,"column":44}},"loc":{"start":{"line":63,"column":61},"end":{"line":63,"column":83}}},"8":{"name":"(anonymous_21)","decl":{"start":{"line":68,"column":49},"end":{"line":68,"column":57}},"loc":{"start":{"line":68,"column":61},"end":{"line":68,"column":92}}},"9":{"name":"(anonymous_22)","decl":{"start":{"line":75,"column":30},"end":{"line":75,"column":31}},"loc":{"start":{"line":75,"column":45},"end":{"line":79,"column":9}}},"10":{"name":"(anonymous_23)","decl":{"start":{"line":76,"column":107},"end":{"line":76,"column":108}},"loc":{"start":{"line":76,"column":114},"end":{"line":78,"column":13}}},"11":{"name":"(anonymous_24)","decl":{"start":{"line":80,"column":45},"end":{"line":80,"column":53}},"loc":{"start":{"line":80,"column":57},"end":{"line":80,"column":90}}},"12":{"name":"(anonymous_25)","decl":{"start":{"line":81,"column":53},"end":{"line":81,"column":54}},"loc":{"start":{"line":81,"column":71},"end":{"line":81,"column":108}}},"13":{"name":"(anonymous_26)","decl":{"start":{"line":85,"column":35},"end":{"line":85,"column":36}},"loc":{"start":{"line":85,"column":46},"end":{"line":88,"column":9}}}},"branchMap":{"0":{"loc":{"start":{"line":26,"column":8},"end":{"line":32,"column":9}},"type":"if","locations":[{"start":{"line":26,"column":8},"end":{"line":32,"column":9}},{"start":{"line":30,"column":13},"end":{"line":32,"column":9}}]},"1":{"loc":{"start":{"line":36,"column":8},"end":{"line":39,"column":9}},"type":"if","locations":[{"start":{"line":36,"column":8},"end":{"line":39,"column":9}}]},"2":{"loc":{"start":{"line":66,"column":8},"end":{"line":72,"column":9}},"type":"if","locations":[{"start":{"line":66,"column":8},"end":{"line":72,"column":9}},{"start":{"line":69,"column":13},"end":{"line":72,"column":9}}]}},"s":{"0":12,"1":12,"2":0,"3":0,"4":0,"5":0,"6":0,"7":0,"8":0,"9":0,"10":0,"11":0,"12":0,"13":0,"14":0,"15":0,"16":0,"17":0,"18":0,"19":0,"20":0,"21":0,"22":0,"23":0,"24":0,"25":0,"26":0,"27":0,"28":0,"29":0,"30":0,"31":0,"32":0,"33":0,"34":0,"35":0,"36":0,"37":0,"38":0,"39":0,"40":0,"41":0,"42":2},"f":{"0":12,"1":0,"2":0,"3":0,"4":0,"5":0,"6":0,"7":0,"8":0,"9":0,"10":0,"11":0,"12":0,"13":0},"b":{"0":[0,0],"1":[0],"2":[0,0]}}
,"E:\\UMB\\ingenieria web 1\\actividad 1\\backend\\src\\infrastructure\\services\\auth-service.ts": {"path":"E:\\UMB\\ingenieria web 1\\actividad 1\\backend\\src\\infrastructure\\services\\auth-service.ts","statementMap":{"0":{"start":{"line":5,"column":0},"end":{"line":5,"column":77}},"1":{"start":{"line":7,"column":0},"end":{"line":7,"column":59}},"2":{"start":{"line":15,"column":8},"end":{"line":15,"column":45}},"3":{"start":{"line":19,"column":8},"end":{"line":49,"column":9}},"4":{"start":{"line":20,"column":32},"end":{"line":20,"column":87}},"5":{"start":{"line":21,"column":12},"end":{"line":27,"column":13}},"6":{"start":{"line":22,"column":16},"end":{"line":26,"column":49}},"7":{"start":{"line":28,"column":44},"end":{"line":28,"column":123}},"8":{"start":{"line":29,"column":12},"end":{"line":35,"column":13}},"9":{"start":{"line":30,"column":16},"end":{"line":34,"column":49}},"10":{"start":{"line":36,"column":42},"end":{"line":40,"column":null}},"11":{"start":{"line":41,"column":26},"end":{"line":41,"column":54}},"12":{"start":{"line":42,"column":12},"end":{"line":46,"column":45}},"13":{"start":{"line":48,"column":12},"end":{"line":48,"column":24}},"14":{"start":{"line":53,"column":8},"end":{"line":85,"column":9}},"15":{"start":{"line":54,"column":36},"end":{"line":54,"column":58}},"16":{"start":{"line":55,"column":12},"end":{"line":61,"column":13}},"17":{"start":{"line":56,"column":16},"end":{"line":60,"column":45}},"18":{"start":{"line":62,"column":12},"end":{"line":68,"column":13}},"19":{"start":{"line":63,"column":16},"end":{"line":67,"column":45}},"20":{"start":{"line":69,"column":28},"end":{"line":69,"column":46}},"21":{"start":{"line":70,"column":25},"end":{"line":70,"column":71}},"22":{"start":{"line":71,"column":12},"end":{"line":77,"column":13}},"23":{"start":{"line":72,"column":16},"end":{"line":76,"column":45}},"24":{"start":{"line":78,"column":12},"end":{"line":82,"column":41}},"25":{"start":{"line":84,"column":12},"end":{"line":84,"column":24}},"26":{"start":{"line":90,"column":8},"end":{"line":108,"column":9}},"27":{"start":{"line":91,"column":26},"end":{"line":91,"column":74}},"28":{"start":{"line":92,"column":12},"end":{"line":104,"column":13}},"29":{"start":{"line":93,"column":16},"end":{"line":103,"column":35}},"30":{"start":{"line":105,"column":12},"end":{"line":105,"column":25}},"31":{"start":{"line":107,"column":12},"end":{"line":107,"column":24}},"32":{"start":{"line":112,"column":8},"end":{"line":130,"column":9}},"33":{"start":{"line":113,"column":29},"end":{"line":113,"column":69}},"34":{"start":{"line":114,"column":12},"end":{"line":126,"column":13}},"35":{"start":{"line":115,"column":16},"end":{"line":125,"column":38}},"36":{"start":{"line":127,"column":12},"end":{"line":127,"column":28}},"37":{"start":{"line":129,"column":12},"end":{"line":129,"column":24}},"38":{"start":{"line":133,"column":8},"end":{"line":153,"column":9}},"39":{"start":{"line":134,"column":35},"end":{"line":134,"column":63}},"40":{"start":{"line":135,"column":27},"end":{"line":135,"column":91}},"41":{"start":{"line":137,"column":12},"end":{"line":142,"column":13}},"42":{"start":{"line":138,"column":16},"end":{"line":141,"column":18}},"43":{"start":{"line":144,"column":12},"end":{"line":147,"column":14}},"44":{"start":{"line":149,"column":12},"end":{"line":152,"column":14}},"45":{"start":{"line":10,"column":0},"end":{"line":10,"column":13}}},"fnMap":{"0":{"name":"(anonymous_7)","decl":{"start":{"line":14,"column":4},"end":{"line":14,"column":16}},"loc":{"start":{"line":14,"column":46},"end":{"line":16,"column":5}}},"1":{"name":"(anonymous_8)","decl":{"start":{"line":18,"column":10},"end":{"line":18,"column":27}},"loc":{"start":{"line":18,"column":60},"end":{"line":50,"column":null}}},"2":{"name":"(anonymous_10)","decl":{"start":{"line":52,"column":10},"end":{"line":52,"column":25}},"loc":{"start":{"line":52,"column":39},"end":{"line":86,"column":null}}},"3":{"name":"(anonymous_12)","decl":{"start":{"line":89,"column":10},"end":{"line":89,"column":15}},"loc":{"start":{"line":89,"column":48},"end":{"line":109,"column":null}}},"4":{"name":"(anonymous_14)","decl":{"start":{"line":111,"column":10},"end":{"line":111,"column":18}},"loc":{"start":{"line":111,"column":44},"end":{"line":131,"column":null}}},"5":{"name":"(anonymous_16)","decl":{"start":{"line":132,"column":10},"end":{"line":132,"column":24}},"loc":{"start":{"line":132,"column":57},"end":{"line":154,"column":null}}}},"branchMap":{"0":{"loc":{"start":{"line":21,"column":12},"end":{"line":27,"column":13}},"type":"if","locations":[{"start":{"line":21,"column":12},"end":{"line":27,"column":13}}]},"1":{"loc":{"start":{"line":29,"column":12},"end":{"line":35,"column":13}},"type":"if","locations":[{"start":{"line":29,"column":12},"end":{"line":35,"column":13}}]},"2":{"loc":{"start":{"line":38,"column":23},"end":{"line":38,"column":46}},"type":"binary-expr","locations":[{"start":{"line":38,"column":23},"end":{"line":38,"column":40}},{"start":{"line":38,"column":44},"end":{"line":38,"column":46}}]},"3":{"loc":{"start":{"line":39,"column":22},"end":{"line":39,"column":49}},"type":"binary-expr","locations":[{"start":{"line":39,"column":22},"end":{"line":39,"column":43}},{"start":{"line":39,"column":47},"end":{"line":39,"column":49}}]},"4":{"loc":{"start":{"line":55,"column":12},"end":{"line":61,"column":13}},"type":"if","locations":[{"start":{"line":55,"column":12},"end":{"line":61,"column":13}}]},"5":{"loc":{"start":{"line":62,"column":12},"end":{"line":68,"column":13}},"type":"if","locations":[{"start":{"line":62,"column":12},"end":{"line":68,"column":13}}]},"6":{"loc":{"start":{"line":71,"column":12},"end":{"line":77,"column":13}},"type":"if","locations":[{"start":{"line":71,"column":12},"end":{"line":77,"column":13}}]},"7":{"loc":{"start":{"line":92,"column":12},"end":{"line":104,"column":13}},"type":"if","locations":[{"start":{"line":92,"column":12},"end":{"line":104,"column":13}}]},"8":{"loc":{"start":{"line":114,"column":12},"end":{"line":126,"column":13}},"type":"if","locations":[{"start":{"line":114,"column":12},"end":{"line":126,"column":13}}]},"9":{"loc":{"start":{"line":137,"column":12},"end":{"line":142,"column":13}},"type":"if","locations":[{"start":{"line":137,"column":12},"end":{"line":142,"column":13}}]}},"s":{"0":2,"1":2,"2":10,"3":0,"4":0,"5":0,"6":0,"7":0,"8":0,"9":0,"10":0,"11":0,"12":0,"13":0,"14":0,"15":0,"16":0,"17":0,"18":0,"19":0,"20":0,"21":0,"22":0,"23":0,"24":0,"25":0,"26":0,"27":0,"28":0,"29":0,"30":0,"31":0,"32":0,"33":0,"34":0,"35":0,"36":0,"37":0,"38":0,"39":0,"40":0,"41":0,"42":0,"43":0,"44":0,"45":2},"f":{"0":10,"1":0,"2":0,"3":0,"4":0,"5":0},"b":{"0":[0],"1":[0],"2":[0,0],"3":[0,0],"4":[0],"5":[0],"6":[0],"7":[0],"8":[0],"9":[0]}}
,"E:\\UMB\\ingenieria web 1\\actividad 1\\backend\\src\\infrastructure\\services\\blog-service.ts": {"path":"E:\\UMB\\ingenieria web 1\\actividad 1\\backend\\src\\infrastructure\\services\\blog-service.ts","statementMap":{"0":{"start":{"line":15,"column":8},"end":{"line":15,"column":45}},"1":{"start":{"line":16,"column":8},"end":{"line":16,"column":51}},"2":{"start":{"line":20,"column":8},"end":{"line":20,"column":29}},"3":{"start":{"line":21,"column":8},"end":{"line":21,"column":35}},"4":{"start":{"line":22,"column":28},"end":{"line":22,"column":86}},"5":{"start":{"line":23,"column":28},"end":{"line":23,"column":68}},"6":{"start":{"line":23,"column":53},"end":{"line":23,"column":67}},"7":{"start":{"line":24,"column":8},"end":{"line":24,"column":53}},"8":{"start":{"line":25,"column":8},"end":{"line":30,"column":9}},"9":{"start":{"line":26,"column":12},"end":{"line":29,"column":34}},"10":{"start":{"line":31,"column":8},"end":{"line":31,"column":47}},"11":{"start":{"line":32,"column":8},"end":{"line":35,"column":30}},"12":{"start":{"line":41,"column":22},"end":{"line":41,"column":87}},"13":{"start":{"line":42,"column":8},"end":{"line":42,"column":41}},"14":{"start":{"line":43,"column":8},"end":{"line":43,"column":21}},"15":{"start":{"line":47,"column":32},"end":{"line":47,"column":79}},"16":{"start":{"line":48,"column":8},"end":{"line":50,"column":null}},"17":{"start":{"line":57,"column":8},"end":{"line":57,"column":57}},"18":{"start":{"line":9,"column":0},"end":{"line":9,"column":13}}},"fnMap":{"0":{"name":"(anonymous_7)","decl":{"start":{"line":14,"column":4},"end":{"line":14,"column":16}},"loc":{"start":{"line":14,"column":86},"end":{"line":17,"column":5}}},"1":{"name":"(anonymous_8)","decl":{"start":{"line":19,"column":10},"end":{"line":19,"column":16}},"loc":{"start":{"line":19,"column":53},"end":{"line":36,"column":null}}},"2":{"name":"(anonymous_10)","decl":{"start":{"line":23,"column":44},"end":{"line":23,"column":45}},"loc":{"start":{"line":23,"column":53},"end":{"line":23,"column":67}}},"3":{"name":"(anonymous_11)","decl":{"start":{"line":39,"column":10},"end":{"line":39,"column":30}},"loc":{"start":{"line":39,"column":79},"end":{"line":44,"column":null}}},"4":{"name":"(anonymous_13)","decl":{"start":{"line":46,"column":10},"end":{"line":46,"column":16}},"loc":{"start":{"line":46,"column":51},"end":{"line":54,"column":null}}},"5":{"name":"(anonymous_15)","decl":{"start":{"line":56,"column":10},"end":{"line":56,"column":16}},"loc":{"start":{"line":56,"column":32},"end":{"line":58,"column":null}}}},"branchMap":{"0":{"loc":{"start":{"line":25,"column":8},"end":{"line":30,"column":9}},"type":"if","locations":[{"start":{"line":25,"column":8},"end":{"line":30,"column":9}}]}},"s":{"0":8,"1":8,"2":0,"3":0,"4":0,"5":0,"6":0,"7":0,"8":0,"9":0,"10":0,"11":0,"12":0,"13":0,"14":0,"15":0,"16":0,"17":0,"18":2},"f":{"0":8,"1":0,"2":0,"3":0,"4":0,"5":0},"b":{"0":[0]}}
,"E:\\UMB\\ingenieria web 1\\actividad 1\\backend\\src\\infrastructure\\services\\otp-service.ts": {"path":"E:\\UMB\\ingenieria web 1\\actividad 1\\backend\\src\\infrastructure\\services\\otp-service.ts","statementMap":{"0":{"start":{"line":5,"column":0},"end":{"line":5,"column":64}},"1":{"start":{"line":6,"column":0},"end":{"line":6,"column":86}},"2":{"start":{"line":7,"column":0},"end":{"line":7,"column":68}},"3":{"start":{"line":14,"column":8},"end":{"line":14,"column":43}},"4":{"start":{"line":18,"column":8},"end":{"line":44,"column":9}},"5":{"start":{"line":19,"column":28},"end":{"line":19,"column":48}},"6":{"start":{"line":20,"column":41},"end":{"line":20,"column":71}},"7":{"start":{"line":21,"column":44},"end":{"line":21,"column":89}},"8":{"start":{"line":22,"column":12},"end":{"line":28,"column":15}},"9":{"start":{"line":29,"column":12},"end":{"line":37,"column":15}},"10":{"start":{"line":38,"column":12},"end":{"line":41,"column":null}},"11":{"start":{"line":43,"column":12},"end":{"line":43,"column":24}},"12":{"start":{"line":48,"column":8},"end":{"line":62,"column":9}},"13":{"start":{"line":49,"column":30},"end":{"line":49,"column":73}},"14":{"start":{"line":50,"column":12},"end":{"line":55,"column":13}},"15":{"start":{"line":51,"column":16},"end":{"line":54,"column":38}},"16":{"start":{"line":56,"column":12},"end":{"line":59,"column":34}},"17":{"start":{"line":61,"column":12},"end":{"line":61,"column":24}},"18":{"start":{"line":66,"column":8},"end":{"line":70,"column":9}},"19":{"start":{"line":67,"column":12},"end":{"line":67,"column":71}},"20":{"start":{"line":69,"column":12},"end":{"line":69,"column":24}},"21":{"start":{"line":9,"column":0},"end":{"line":9,"column":13}}},"fnMap":{"0":{"name":"(anonymous_7)","decl":{"start":{"line":13,"column":4},"end":{"line":13,"column":16}},"loc":{"start":{"line":13,"column":44},"end":{"line":15,"column":5}}},"1":{"name":"(anonymous_8)","decl":{"start":{"line":17,"column":10},"end":{"line":17,"column":24}},"loc":{"start":{"line":17,"column":51},"end":{"line":45,"column":null}}},"2":{"name":"(anonymous_10)","decl":{"start":{"line":47,"column":10},"end":{"line":47,"column":19}},"loc":{"start":{"line":47,"column":45},"end":{"line":63,"column":null}}},"3":{"name":"(anonymous_12)","decl":{"start":{"line":65,"column":10},"end":{"line":65,"column":25}},"loc":{"start":{"line":65,"column":43},"end":{"line":71,"column":null}}}},"branchMap":{"0":{"loc":{"start":{"line":50,"column":12},"end":{"line":55,"column":13}},"type":"if","locations":[{"start":{"line":50,"column":12},"end":{"line":55,"column":13}}]}},"s":{"0":2,"1":2,"2":2,"3":6,"4":0,"5":0,"6":0,"7":0,"8":0,"9":0,"10":0,"11":0,"12":0,"13":0,"14":0,"15":0,"16":0,"17":0,"18":0,"19":0,"20":0,"21":2},"f":{"0":6,"1":0,"2":0,"3":0},"b":{"0":[0]}}
,"E:\\UMB\\ingenieria web 1\\actividad 1\\backend\\src\\infrastructure\\services\\user-service.ts": {"path":"E:\\UMB\\ingenieria web 1\\actividad 1\\backend\\src\\infrastructure\\services\\user-service.ts","statementMap":{"0":{"start":{"line":25,"column":8},"end":{"line":25,"column":45}},"1":{"start":{"line":26,"column":8},"end":{"line":26,"column":51}},"2":{"start":{"line":30,"column":8},"end":{"line":30,"column":29}},"3":{"start":{"line":31,"column":8},"end":{"line":31,"column":35}},"4":{"start":{"line":32,"column":28},"end":{"line":32,"column":86}},"5":{"start":{"line":33,"column":28},"end":{"line":33,"column":68}},"6":{"start":{"line":33,"column":53},"end":{"line":33,"column":67}},"7":{"start":{"line":34,"column":8},"end":{"line":34,"column":53}},"8":{"start":{"line":35,"column":8},"end":{"line":40,"column":9}},"9":{"start":{"line":36,"column":12},"end":{"line":39,"column":34}},"10":{"start":{"line":41,"column":28},"end":{"line":41,"column":65}},"11":{"start":{"line":42,"column":8},"end":{"line":47,"column":9}},"12":{"start":{"line":43,"column":12},"end":{"line":46,"column":34}},"13":{"start":{"line":48,"column":25},"end":{"line":48,"column":63}},"14":{"start":{"line":49,"column":8},"end":{"line":52,"column":11}},"15":{"start":{"line":53,"column":8},"end":{"line":56,"column":30}},"16":{"start":{"line":60,"column":8},"end":{"line":60,"column":63}},"17":{"start":{"line":64,"column":8},"end":{"line":64,"column":63}},"18":{"start":{"line":70,"column":22},"end":{"line":70,"column":86}},"19":{"start":{"line":72,"column":8},"end":{"line":72,"column":44}},"20":{"start":{"line":73,"column":8},"end":{"line":73,"column":21}},"21":{"start":{"line":77,"column":8},"end":{"line":77,"column":78}},"22":{"start":{"line":81,"column":29},"end":{"line":81,"column":87}},"23":{"start":{"line":82,"column":26},"end":{"line":82,"column":84}},"24":{"start":{"line":82,"column":61},"end":{"line":82,"column":83}},"25":{"start":{"line":83,"column":8},"end":{"line":89,"column":9}},"26":{"start":{"line":85,"column":12},"end":{"line":88,"column":15}},"27":{"start":{"line":90,"column":32},"end":{"line":90,"column":90}},"28":{"start":{"line":91,"column":8},"end":{"line":93,"column":null}},"29":{"start":{"line":100,"column":8},"end":{"line":100,"column":69}},"30":{"start":{"line":104,"column":8},"end":{"line":104,"column":55}},"31":{"start":{"line":19,"column":0},"end":{"line":19,"column":13}}},"fnMap":{"0":{"name":"(anonymous_7)","decl":{"start":{"line":24,"column":4},"end":{"line":24,"column":16}},"loc":{"start":{"line":24,"column":86},"end":{"line":27,"column":5}}},"1":{"name":"(anonymous_8)","decl":{"start":{"line":29,"column":10},"end":{"line":29,"column":16}},"loc":{"start":{"line":29,"column":53},"end":{"line":57,"column":null}}},"2":{"name":"(anonymous_10)","decl":{"start":{"line":33,"column":44},"end":{"line":33,"column":45}},"loc":{"start":{"line":33,"column":53},"end":{"line":33,"column":67}}},"3":{"name":"(anonymous_11)","decl":{"start":{"line":59,"column":10},"end":{"line":59,"column":24}},"loc":{"start":{"line":59,"column":38},"end":{"line":61,"column":null}}},"4":{"name":"(anonymous_13)","decl":{"start":{"line":63,"column":10},"end":{"line":63,"column":24}},"loc":{"start":{"line":63,"column":38},"end":{"line":65,"column":null}}},"5":{"name":"(anonymous_15)","decl":{"start":{"line":67,"column":10},"end":{"line":67,"column":29}},"loc":{"start":{"line":67,"column":78},"end":{"line":74,"column":null}}},"6":{"name":"(anonymous_17)","decl":{"start":{"line":76,"column":10},"end":{"line":76,"column":30}},"loc":{"start":{"line":76,"column":79},"end":{"line":78,"column":null}}},"7":{"name":"(anonymous_19)","decl":{"start":{"line":80,"column":10},"end":{"line":80,"column":16}},"loc":{"start":{"line":80,"column":51},"end":{"line":97,"column":null}}},"8":{"name":"(anonymous_21)","decl":{"start":{"line":82,"column":43},"end":{"line":82,"column":44}},"loc":{"start":{"line":82,"column":61},"end":{"line":82,"column":83}}},"9":{"name":"(anonymous_22)","decl":{"start":{"line":99,"column":10},"end":{"line":99,"column":16}},"loc":{"start":{"line":99,"column":52},"end":{"line":101,"column":null}}},"10":{"name":"(anonymous_24)","decl":{"start":{"line":103,"column":10},"end":{"line":103,"column":16}},"loc":{"start":{"line":103,"column":45},"end":{"line":105,"column":null}}}},"branchMap":{"0":{"loc":{"start":{"line":35,"column":8},"end":{"line":40,"column":9}},"type":"if","locations":[{"start":{"line":35,"column":8},"end":{"line":40,"column":9}}]},"1":{"loc":{"start":{"line":42,"column":8},"end":{"line":47,"column":9}},"type":"if","locations":[{"start":{"line":42,"column":8},"end":{"line":47,"column":9}}]},"2":{"loc":{"start":{"line":83,"column":8},"end":{"line":89,"column":9}},"type":"if","locations":[{"start":{"line":83,"column":8},"end":{"line":89,"column":9}}]}},"s":{"0":10,"1":10,"2":0,"3":0,"4":0,"5":0,"6":0,"7":0,"8":0,"9":0,"10":0,"11":0,"12":0,"13":0,"14":0,"15":0,"16":0,"17":0,"18":0,"19":0,"20":0,"21":0,"22":0,"23":0,"24":0,"25":0,"26":0,"27":0,"28":0,"29":0,"30":0,"31":2},"f":{"0":10,"1":0,"2":0,"3":0,"4":0,"5":0,"6":0,"7":0,"8":0,"9":0,"10":0},"b":{"0":[0],"1":[0],"2":[0]}}
,"E:\\UMB\\ingenieria web 1\\actividad 1\\backend\\src\\infrastructure\\use-cases\\account\\associate-user-to-accounts.ts": {"path":"E:\\UMB\\ingenieria web 1\\actividad 1\\backend\\src\\infrastructure\\use-cases\\account\\associate-user-to-accounts.ts","statementMap":{"0":{"start":{"line":11,"column":8},"end":{"line":11,"column":45}},"1":{"start":{"line":15,"column":8},"end":{"line":15,"column":65}},"2":{"start":{"line":6,"column":0},"end":{"line":6,"column":13}}},"fnMap":{"0":{"name":"(anonymous_0)","decl":{"start":{"line":10,"column":4},"end":{"line":10,"column":16}},"loc":{"start":{"line":10,"column":46},"end":{"line":12,"column":5}}},"1":{"name":"(anonymous_1)","decl":{"start":{"line":14,"column":4},"end":{"line":14,"column":11}},"loc":{"start":{"line":14,"column":53},"end":{"line":16,"column":5}}}},"branchMap":{},"s":{"0":2,"1":0,"2":2},"f":{"0":2,"1":0},"b":{}}
,"E:\\UMB\\ingenieria web 1\\actividad 1\\backend\\src\\infrastructure\\use-cases\\account\\create-account.ts": {"path":"E:\\UMB\\ingenieria web 1\\actividad 1\\backend\\src\\infrastructure\\use-cases\\account\\create-account.ts","statementMap":{"0":{"start":{"line":11,"column":8},"end":{"line":11,"column":45}},"1":{"start":{"line":15,"column":8},"end":{"line":15,"column":60}},"2":{"start":{"line":6,"column":0},"end":{"line":6,"column":13}}},"fnMap":{"0":{"name":"(anonymous_0)","decl":{"start":{"line":10,"column":4},"end":{"line":10,"column":16}},"loc":{"start":{"line":10,"column":46},"end":{"line":12,"column":5}}},"1":{"name":"(anonymous_1)","decl":{"start":{"line":14,"column":4},"end":{"line":14,"column":11}},"loc":{"start":{"line":14,"column":57},"end":{"line":16,"column":5}}}},"branchMap":{},"s":{"0":2,"1":0,"2":2},"f":{"0":2,"1":0},"b":{}}
,"E:\\UMB\\ingenieria web 1\\actividad 1\\backend\\src\\infrastructure\\use-cases\\account\\delete-account.ts": {"path":"E:\\UMB\\ingenieria web 1\\actividad 1\\backend\\src\\infrastructure\\use-cases\\account\\delete-account.ts","statementMap":{"0":{"start":{"line":10,"column":8},"end":{"line":10,"column":45}},"1":{"start":{"line":14,"column":8},"end":{"line":14,"column":54}},"2":{"start":{"line":5,"column":0},"end":{"line":5,"column":13}}},"fnMap":{"0":{"name":"(anonymous_0)","decl":{"start":{"line":9,"column":4},"end":{"line":9,"column":16}},"loc":{"start":{"line":9,"column":46},"end":{"line":11,"column":5}}},"1":{"name":"(anonymous_1)","decl":{"start":{"line":13,"column":4},"end":{"line":13,"column":11}},"loc":{"start":{"line":13,"column":30},"end":{"line":15,"column":5}}}},"branchMap":{},"s":{"0":2,"1":0,"2":2},"f":{"0":2,"1":0},"b":{}}
,"E:\\UMB\\ingenieria web 1\\actividad 1\\backend\\src\\infrastructure\\use-cases\\account\\get-all-account.ts": {"path":"E:\\UMB\\ingenieria web 1\\actividad 1\\backend\\src\\infrastructure\\use-cases\\account\\get-all-account.ts","statementMap":{"0":{"start":{"line":13,"column":8},"end":{"line":13,"column":45}},"1":{"start":{"line":17,"column":8},"end":{"line":17,"column":61}},"2":{"start":{"line":8,"column":0},"end":{"line":8,"column":13}}},"fnMap":{"0":{"name":"(anonymous_0)","decl":{"start":{"line":12,"column":4},"end":{"line":12,"column":16}},"loc":{"start":{"line":12,"column":47},"end":{"line":14,"column":5}}},"1":{"name":"(anonymous_1)","decl":{"start":{"line":16,"column":4},"end":{"line":16,"column":11}},"loc":{"start":{"line":16,"column":60},"end":{"line":18,"column":5}}}},"branchMap":{},"s":{"0":2,"1":0,"2":2},"f":{"0":2,"1":0},"b":{}}
,"E:\\UMB\\ingenieria web 1\\actividad 1\\backend\\src\\infrastructure\\use-cases\\account\\get-self-available-accounts.ts": {"path":"E:\\UMB\\ingenieria web 1\\actividad 1\\backend\\src\\infrastructure\\use-cases\\account\\get-self-available-accounts.ts","statementMap":{"0":{"start":{"line":12,"column":8},"end":{"line":12,"column":45}},"1":{"start":{"line":16,"column":8},"end":{"line":16,"column":69}},"2":{"start":{"line":7,"column":0},"end":{"line":7,"column":13}}},"fnMap":{"0":{"name":"(anonymous_0)","decl":{"start":{"line":11,"column":4},"end":{"line":11,"column":16}},"loc":{"start":{"line":11,"column":46},"end":{"line":13,"column":5}}},"1":{"name":"(anonymous_1)","decl":{"start":{"line":15,"column":4},"end":{"line":15,"column":11}},"loc":{"start":{"line":15,"column":27},"end":{"line":17,"column":5}}}},"branchMap":{},"s":{"0":2,"1":0,"2":2},"f":{"0":2,"1":0},"b":{}}
,"E:\\UMB\\ingenieria web 1\\actividad 1\\backend\\src\\infrastructure\\use-cases\\account\\update-account.ts": {"path":"E:\\UMB\\ingenieria web 1\\actividad 1\\backend\\src\\infrastructure\\use-cases\\account\\update-account.ts","statementMap":{"0":{"start":{"line":11,"column":8},"end":{"line":11,"column":45}},"1":{"start":{"line":15,"column":8},"end":{"line":15,"column":51}},"2":{"start":{"line":6,"column":0},"end":{"line":6,"column":13}}},"fnMap":{"0":{"name":"(anonymous_0)","decl":{"start":{"line":10,"column":4},"end":{"line":10,"column":16}},"loc":{"start":{"line":10,"column":46},"end":{"line":12,"column":5}}},"1":{"name":"(anonymous_1)","decl":{"start":{"line":14,"column":4},"end":{"line":14,"column":11}},"loc":{"start":{"line":14,"column":46},"end":{"line":16,"column":5}}}},"branchMap":{},"s":{"0":2,"1":0,"2":2},"f":{"0":2,"1":0},"b":{}}
,"E:\\UMB\\ingenieria web 1\\actividad 1\\backend\\src\\infrastructure\\use-cases\\auth\\login-use-case.ts": {"path":"E:\\UMB\\ingenieria web 1\\actividad 1\\backend\\src\\infrastructure\\use-cases\\auth\\login-use-case.ts","statementMap":{"0":{"start":{"line":10,"column":8},"end":{"line":10,"column":39}},"1":{"start":{"line":13,"column":8},"end":{"line":13,"column":55}},"2":{"start":{"line":5,"column":0},"end":{"line":5,"column":13}}},"fnMap":{"0":{"name":"(anonymous_0)","decl":{"start":{"line":9,"column":4},"end":{"line":9,"column":16}},"loc":{"start":{"line":9,"column":39},"end":{"line":11,"column":5}}},"1":{"name":"(anonymous_1)","decl":{"start":{"line":12,"column":4},"end":{"line":12,"column":11}},"loc":{"start":{"line":12,"column":43},"end":{"line":14,"column":5}}}},"branchMap":{},"s":{"0":2,"1":0,"2":2},"f":{"0":2,"1":0},"b":{}}
[...]
,"E:\\UMB\\ingenieria web 1\\actividad 1\\backend\\src\\presentation\\routers\\user-router.ts": {"path":"E:\\UMB\\ingenieria web 1\\actividad 1\\backend\\src\\presentation\\routers\\user-router.ts","statementMap":{"0":{"start":{"line":12,"column":0},"end":{"line":12,"column":24}},"1":{"start":{"line":2,"column":0},"end":{"line":2,"column":30}},"2":{"start":{"line":19,"column":19},"end":{"line":19,"column":35}},"3":{"start":{"line":52,"column":4},"end":{"line":71,"column":7}},"4":{"start":{"line":52,"column":65},"end":{"line":71,"column":6}},"5":{"start":{"line":53,"column":8},"end":{"line":70,"column":9}},"6":{"start":{"line":54,"column":30},"end":{"line":54,"column":68}},"7":{"start":{"line":55,"column":27},"end":{"line":55,"column":66}},"8":{"start":{"line":56,"column":12},"end":{"line":56,"column":33}},"9":{"start":{"line":57,"column":28},"end":{"line":57,"column":68}},"10":{"start":{"line":58,"column":12},"end":{"line":60,"column":13}},"11":{"start":{"line":59,"column":16},"end":{"line":59,"column":80}},"12":{"start":{"line":61,"column":32},"end":{"line":61,"column":82}},"13":{"start":{"line":62,"column":12},"end":{"line":62,"column":68}},"14":{"start":{"line":64,"column":12},"end":{"line":64,"column":64}},"15":{"start":{"line":65,"column":12},"end":{"line":65,"column":33}},"16":{"start":{"line":66,"column":12},"end":{"line":69,"column":15}},"17":{"start":{"line":124,"column":4},"end":{"line":146,"column":7}},"18":{"start":{"line":124,"column":61},"end":{"line":146,"column":6}},"19":{"start":{"line":125,"column":8},"end":{"line":145,"column":9}},"20":{"start":{"line":126,"column":30},"end":{"line":126,"column":68}},"21":{"start":{"line":127,"column":27},"end":{"line":127,"column":66}},"22":{"start":{"line":128,"column":12},"end":{"line":128,"column":33}},"23":{"start":{"line":129,"column":12},"end":{"line":129,"column":36}},"24":{"start":{"line":130,"column":31},"end":{"line":130,"column":71}},"25":{"start":{"line":131,"column":12},"end":{"line":131,"column":49}},"26":{"start":{"line":132,"column":28},"end":{"line":132,"column":68}},"27":{"start":{"line":133,"column":12},"end":{"line":135,"column":13}},"28":{"start":{"line":134,"column":16},"end":{"line":134,"column":80}},"29":{"start":{"line":136,"column":30},"end":{"line":136,"column":130}},"30":{"start":{"line":137,"column":12},"end":{"line":137,"column":51}},"31":{"start":{"line":139,"column":12},"end":{"line":139,"column":68}},"32":{"start":{"line":140,"column":12},"end":{"line":140,"column":33}},"33":{"start":{"line":141,"column":12},"end":{"line":144,"column":15}},"34":{"start":{"line":179,"column":4},"end":{"line":190,"column":7}},"35":{"start":{"line":179,"column":63},"end":{"line":190,"column":6}},"36":{"start":{"line":180,"column":8},"end":{"line":189,"column":9}},"37":{"start":{"line":181,"column":38},"end":{"line":181,"column":46}},"38":{"start":{"line":182,"column":27},"end":{"line":182,"column":66}},"39":{"start":{"line":183,"column":25},"end":{"line":183,"column":71}},"40":{"start":{"line":184,"column":12},"end":{"line":184,"column":34}},"41":{"start":{"line":186,"column":12},"end":{"line":188,"column":15}},"42":{"start":{"line":228,"column":4},"end":{"line":238,"column":7}},"43":{"start":{"line":228,"column":75},"end":{"line":238,"column":6}},"44":{"start":{"line":229,"column":8},"end":{"line":237,"column":9}},"45":{"start":{"line":230,"column":31},"end":{"line":230,"column":71}},"46":{"start":{"line":231,"column":25},"end":{"line":231,"column":88}},"47":{"start":{"line":232,"column":12},"end":{"line":232,"column":27}},"48":{"start":{"line":234,"column":12},"end":{"line":236,"column":15}},"49":{"start":{"line":239,"column":4},"end":{"line":239,"column":18}}},"fnMap":{"0":{"name":"UserRouter","decl":{"start":{"line":12,"column":24},"end":{"line":12,"column":34}},"loc":{"start":{"line":17,"column":38},"end":{"line":240,"column":1}}},"1":{"name":"(anonymous_9)","decl":{"start":{"line":52,"column":27},"end":{"line":52,"column":34}},"loc":{"start":{"line":52,"column":65},"end":{"line":71,"column":6}}},"2":{"name":"(anonymous_10)","decl":{"start":{"line":52,"column":65},"end":{"line":52,"column":null}},"loc":{"start":{"line":52,"column":65},"end":{"line":71,"column":5}}},"3":{"name":"(anonymous_11)","decl":{"start":{"line":124,"column":23},"end":{"line":124,"column":30}},"loc":{"start":{"line":124,"column":61},"end":{"line":146,"column":6}}},"4":{"name":"(anonymous_12)","decl":{"start":{"line":124,"column":61},"end":{"line":124,"column":null}},"loc":{"start":{"line":124,"column":61},"end":{"line":146,"column":5}}},"5":{"name":"(anonymous_13)","decl":{"start":{"line":179,"column":26},"end":{"line":179,"column":33}},"loc":{"start":{"line":179,"column":63},"end":{"line":190,"column":6}}},"6":{"name":"(anonymous_14)","decl":{"start":{"line":179,"column":63},"end":{"line":179,"column":null}},"loc":{"start":{"line":179,"column":63},"end":{"line":190,"column":5}}},"7":{"name":"(anonymous_15)","decl":{"start":{"line":228,"column":38},"end":{"line":228,"column":45}},"loc":{"start":{"line":228,"column":75},"end":{"line":238,"column":6}}},"8":{"name":"(anonymous_16)","decl":{"start":{"line":228,"column":75},"end":{"line":228,"column":null}},"loc":{"start":{"line":228,"column":75},"end":{"line":238,"column":5}}}},"branchMap":{"0":{"loc":{"start":{"line":58,"column":12},"end":{"line":60,"column":13}},"type":"if","locations":[{"start":{"line":58,"column":12},"end":{"line":60,"column":13}}]},"1":{"loc":{"start":{"line":133,"column":12},"end":{"line":135,"column":13}},"type":"if","locations":[{"start":{"line":133,"column":12},"end":{"line":135,"column":13}}]}},"s":{"0":2,"1":2,"2":2,"3":2,"4":0,"5":0,"6":0,"7":0,"8":0,"9":0,"10":0,"11":0,"12":0,"13":0,"14":0,"15":0,"16":0,"17":2,"18":0,"19":0,"20":0,"21":0,"22":0,"23":0,"24":0,"25":0,"26":0,"27":0,"28":0,"29":0,"30":0,"31":0,"32":0,"33":0,"34":2,"35":0,"36":0,"37":0,"38":0,"39":0,"40":0,"41":0,"42":2,"43":0,"44":0,"45":0,"46":0,"47":0,"48":0,"49":2},"f":{"0":2,"1":0,"2":0,"3":0,"4":0,"5":0,"6":0,"7":0,"8":0},"b":{"0":[0],"1":[0]}}
,"E:\\UMB\\ingenieria web 1\\actividad 1\\backend\\src\\utils\\addMinutesInSeconds.ts": {"path":"E:\\UMB\\ingenieria web 1\\actividad 1\\backend\\src\\utils\\addMinutesInSeconds.ts","statementMap":{"0":{"start":{"line":1,"column":0},"end":{"line":1,"column":16}},"1":{"start":{"line":2,"column":25},"end":{"line":2,"column":42}},"2":{"start":{"line":3,"column":4},"end":{"line":3,"column":57}}},"fnMap":{"0":{"name":"addMinutesInSeconds","decl":{"start":{"line":1,"column":16},"end":{"line":1,"column":35}},"loc":{"start":{"line":1,"column":86},"end":{"line":4,"column":1}}}},"branchMap":{},"s":{"0":2,"1":0,"2":0},"f":{"0":0},"b":{}}
,"E:\\UMB\\ingenieria web 1\\actividad 1\\backend\\src\\utils\\generateCurrentDateInSeconds.ts": {"path":"E:\\UMB\\ingenieria web 1\\actividad 1\\backend\\src\\utils\\generateCurrentDateInSeconds.ts","statementMap":{"0":{"start":{"line":1,"column":0},"end":{"line":1,"column":16}},"1":{"start":{"line":2,"column":23},"end":{"line":2,"column":89}},"2":{"start":{"line":3,"column":23},"end":{"line":3,"column":43}},"3":{"start":{"line":4,"column":4},"end":{"line":4,"column":51}}},"fnMap":{"0":{"name":"generateCurrentDateInSeconds","decl":{"start":{"line":1,"column":16},"end":{"line":1,"column":44}},"loc":{"start":{"line":1,"column":44},"end":{"line":5,"column":1}}}},"branchMap":{},"s":{"0":2,"1":0,"2":0,"3":0},"f":{"0":0},"b":{}}
,"E:\\UMB\\ingenieria web 1\\actividad 1\\backend\\src\\utils\\generateOtpNumber.ts": {"path":"E:\\UMB\\ingenieria web 1\\actividad 1\\backend\\src\\utils\\generateOtpNumber.ts","statementMap":{"0":{"start":{"line":1,"column":0},"end":{"line":1,"column":16}},"1":{"start":{"line":2,"column":14},"end":{"line":2,"column":16}},"2":{"start":{"line":3,"column":4},"end":{"line":6,"column":5}},"3":{"start":{"line":3,"column":17},"end":{"line":3,"column":18}},"4":{"start":{"line":4,"column":28},"end":{"line":4,"column":58}},"5":{"start":{"line":5,"column":8},"end":{"line":5,"column":38}},"6":{"start":{"line":7,"column":4},"end":{"line":7,"column":25}}},"fnMap":{"0":{"name":"generateOtpNumber","decl":{"start":{"line":1,"column":16},"end":{"line":1,"column":33}},"loc":{"start":{"line":1,"column":51},"end":{"line":8,"column":1}}}},"branchMap":{},"s":{"0":2,"1":0,"2":0,"3":0,"4":0,"5":0,"6":0},"f":{"0":0},"b":{}}
,"E:\\UMB\\ingenieria web 1\\actividad 1\\backend\\src\\utils\\logger.ts": {"path":"E:\\UMB\\ingenieria web 1\\actividad 1\\backend\\src\\utils\\logger.ts","statementMap":{"0":{"start":{"line":1,"column":0},"end":{"line":1,"column":59}},"1":{"start":{"line":2,"column":39},"end":{"line":2,"column":45}},"2":{"start":{"line":4,"column":18},"end":{"line":6,"column":2}},"3":{"start":{"line":5,"column":4},"end":{"line":5,"column":49}},"4":{"start":{"line":8,"column":15},"end":{"line":18,"column":2}},"5":{"start":{"line":20,"column":0},"end":{"line":20,"column":22}}},"fnMap":{"0":{"name":"(anonymous_0)","decl":{"start":{"line":4,"column":25},"end":{"line":4,"column":26}},"loc":{"start":{"line":4,"column":59},"end":{"line":6,"column":1}}}},"branchMap":{},"s":{"0":2,"1":2,"2":2,"3":0,"4":2,"5":2},"f":{"0":0},"b":{}}
,"E:\\UMB\\ingenieria web 1\\actividad 1\\backend\\src\\utils\\setupMiddlewares.ts": {"path":"E:\\UMB\\ingenieria web 1\\actividad 1\\backend\\src\\utils\\setupMiddlewares.ts","statementMap":{"0":{"start":{"line":40,"column":0},"end":{"line":40,"column":16}},"1":{"start":{"line":1,"column":0},"end":{"line":1,"column":76}},"2":{"start":{"line":2,"column":0},"end":{"line":2,"column":70}},"3":{"start":{"line":3,"column":0},"end":{"line":3,"column":68}},"4":{"start":{"line":4,"column":0},"end":{"line":4,"column":70}},"5":{"start":{"line":5,"column":0},"end":{"line":5,"column":76}},"6":{"start":{"line":6,"column":0},"end":{"line":6,"column":70}},"7":{"start":{"line":7,"column":0},"end":{"line":7,"column":68}},"8":{"start":{"line":8,"column":0},"end":{"line":8,"column":70}},"9":{"start":{"line":9,"column":0},"end":{"line":9,"column":83}},"10":{"start":{"line":10,"column":0},"end":{"line":10,"column":83}},"11":{"start":{"line":11,"column":0},"end":{"line":11,"column":84}},"12":{"start":{"line":12,"column":0},"end":{"line":12,"column":107}},"13":{"start":{"line":13,"column":0},"end":{"line":13,"column":83}},"14":{"start":{"line":14,"column":0},"end":{"line":14,"column":79}},"15":{"start":{"line":15,"column":0},"end":{"line":15,"column":85}},"16":{"start":{"line":16,"column":0},"end":{"line":16,"column":101}},"17":{"start":{"line":17,"column":0},"end":{"line":17,"column":90}},"18":{"start":{"line":18,"column":0},"end":{"line":18,"column":98}},"19":{"start":{"line":19,"column":0},"end":{"line":19,"column":87}},"20":{"start":{"line":20,"column":0},"end":{"line":20,"column":99}},"21":{"start":{"line":21,"column":0},"end":{"line":21,"column":74}},"22":{"start":{"line":22,"column":0},"end":{"line":22,"column":74}},"23":{"start":{"line":23,"column":0},"end":{"line":23,"column":97}},"24":{"start":{"line":24,"column":0},"end":{"line":24,"column":84}},"25":{"start":{"line":25,"column":0},"end":{"line":25,"column":74}},"26":{"start":{"line":26,"column":0},"end":{"line":26,"column":69}},"27":{"start":{"line":27,"column":0},"end":{"line":27,"column":61}},"28":{"start":{"line":28,"column":0},"end":{"line":28,"column":59}},"29":{"start":{"line":29,"column":0},"end":{"line":29,"column":61}},"30":{"start":{"line":30,"column":0},"end":{"line":30,"column":107}},"31":{"start":{"line":31,"column":0},"end":{"line":31,"column":112}},"32":{"start":{"line":32,"column":0},"end":{"line":32,"column":70}},"33":{"start":{"line":33,"column":0},"end":{"line":33,"column":81}},"34":{"start":{"line":34,"column":0},"end":{"line":34,"column":81}},"35":{"start":{"line":35,"column":0},"end":{"line":35,"column":81}},"36":{"start":{"line":36,"column":0},"end":{"line":36,"column":104}},"37":{"start":{"line":37,"column":0},"end":{"line":37,"column":70}},"38":{"start":{"line":38,"column":0},"end":{"line":38,"column":62}},"39":{"start":{"line":42,"column":31},"end":{"line":42,"column":54}},"40":{"start":{"line":43,"column":28},"end":{"line":43,"column":48}},"41":{"start":{"line":44,"column":28},"end":{"line":44,"column":48}},"42":{"start":{"line":45,"column":27},"end":{"line":45,"column":46}},"43":{"start":{"line":46,"column":28},"end":{"line":46,"column":48}},"44":{"start":{"line":49,"column":30},"end":{"line":55,"column":null}},"45":{"start":{"line":59,"column":27},"end":{"line":64,"column":null}},"46":{"start":{"line":68,"column":27},"end":{"line":73,"column":null}},"47":{"start":{"line":77,"column":26},"end":{"line":80,"column":null}},"48":{"start":{"line":84,"column":27},"end":{"line":88,"column":null}},"49":{"start":{"line":91,"column":4},"end":{"line":97,"column":null}}},"fnMap":{"0":{"name":"setupMiddlewares","decl":{"start":{"line":40,"column":16},"end":{"line":40,"column":32}},"loc":{"start":{"line":40,"column":32},"end":{"line":98,"column":1}}}},"branchMap":{},"s":{"0":2,"1":2,"2":2,"3":2,"4":2,"5":2,"6":2,"7":2,"8":2,"9":2,"10":2,"11":2,"12":2,"13":2,"14":2,"15":2,"16":2,"17":2,"18":2,"19":2,"20":2,"21":2,"22":2,"23":2,"24":2,"25":2,"26":2,"27":2,"28":2,"29":2,"30":2,"31":2,"32":2,"33":2,"34":2,"35":2,"36":2,"37":2,"38":2,"39":2,"40":2,"41":2,"42":2,"43":2,"44":2,"45":2,"46":2,"47":2,"48":2,"49":2},"f":{"0":2},"b":{}}
,"E:\\UMB\\ingenieria web 1\\actividad 1\\backend\\src\\utils\\swaggerConfig.ts": {"path":"E:\\UMB\\ingenieria web 1\\actividad 1\\backend\\src\\utils\\swaggerConfig.ts","statementMap":{"0":{"start":{"line":21,"column":0},"end":{"line":21,"column":16}},"1":{"start":{"line":2,"column":0},"end":{"line":2,"column":50}},"2":{"start":{"line":4,"column":16},"end":{"line":19,"column":2}},"3":{"start":{"line":22,"column":22},"end":{"line":22,"column":51}},"4":{"start":{"line":24,"column":25},"end":{"line":24,"column":56}},"5":{"start":{"line":25,"column":4},"end":{"line":25,"column":73}}},"fnMap":{"0":{"name":"setupSwagger","decl":{"start":{"line":21,"column":16},"end":{"line":21,"column":28}},"loc":{"start":{"line":21,"column":41},"end":{"line":26,"column":1}}}},"branchMap":{},"s":{"0":2,"1":2,"2":2,"3":2,"4":2,"5":2},"f":{"0":2},"b":{}}
,"E:\\UMB\\ingenieria web 1\\actividad 1\\backend\\src\\utils\\swaggerUpdate.ts": {"path":"E:\\UMB\\ingenieria web 1\\actividad 1\\backend\\src\\utils\\swaggerUpdate.ts","statementMap":{"0":{"start":{"line":14,"column":0},"end":{"line":14,"column":16}},"1":{"start":{"line":2,"column":0},"end":{"line":2,"column":41}},"2":{"start":{"line":3,"column":0},"end":{"line":3,"column":20}},"3":{"start":{"line":4,"column":0},"end":{"line":4,"column":24}},"4":{"start":{"line":15,"column":26},"end":{"line":15,"column":43}},"5":{"start":{"line":16,"column":29},"end":{"line":16,"column":46}},"6":{"start":{"line":19,"column":4},"end":{"line":25,"column":7}},"7":{"start":{"line":20,"column":8},"end":{"line":24,"column":9}},"8":{"start":{"line":21,"column":25},"end":{"line":21,"column":46}},"9":{"start":{"line":22,"column":27},"end":{"line":22,"column":81}},"10":{"start":{"line":23,"column":12},"end":{"line":23,"column":51}},"11":{"start":{"line":28,"column":18},"end":{"line":28,"column":62}},"12":{"start":{"line":31,"column":4},"end":{"line":35,"column":7}},"13":{"start":{"line":32,"column":8},"end":{"line":34,"column":11}},"14":{"start":{"line":33,"column":12},"end":{"line":33,"column":68}},"15":{"start":{"line":38,"column":31},"end":{"line":39,"column":null}},"16":{"start":{"line":39,"column":39},"end":{"line":39,"column":63}},"17":{"start":{"line":43,"column":4},"end":{"line":58,"column":7}},"18":{"start":{"line":44,"column":31},"end":{"line":44,"column":47}},"19":{"start":{"line":45,"column":8},"end":{"line":47,"column":9}},"20":{"start":{"line":46,"column":12},"end":{"line":46,"column":35}},"21":{"start":{"line":48,"column":8},"end":{"line":57,"column":9}},"22":{"start":{"line":49,"column":12},"end":{"line":56,"column":14}},"23":{"start":{"line":61,"column":23},"end":{"line":61,"column":65}},"24":{"start":{"line":62,"column":4},"end":{"line":62,"column":65}},"25":{"start":{"line":64,"column":4},"end":{"line":64,"column":89}},"26":{"start":{"line":65,"column":4},"end":{"line":65,"column":54}},"27":{"start":{"line":66,"column":4},"end":{"line":66,"column":62}},"28":{"start":{"line":67,"column":4},"end":{"line":67,"column":67}},"29":{"start":{"line":69,"column":4},"end":{"line":69,"column":17}}},"fnMap":{"0":{"name":"updateSwaggerDocs","decl":{"start":{"line":14,"column":16},"end":{"line":14,"column":33}},"loc":{"start":{"line":14,"column":84},"end":{"line":70,"column":1}}},"1":{"name":"(anonymous_2)","decl":{"start":{"line":19,"column":30},"end":{"line":19,"column":31}},"loc":{"start":{"line":19,"column":50},"end":{"line":25,"column":5}}},"2":{"name":"(anonymous_3)","decl":{"start":{"line":31,"column":37},"end":{"line":31,"column":41}},"loc":{"start":{"line":31,"column":44},"end":{"line":35,"column":5}}},"3":{"name":"(anonymous_4)","decl":{"start":{"line":32,"column":47},"end":{"line":32,"column":53}},"loc":{"start":{"line":32,"column":56},"end":{"line":34,"column":9}}},"4":{"name":"(anonymous_5)","decl":{"start":{"line":39,"column":34},"end":{"line":39,"column":35}},"loc":{"start":{"line":39,"column":39},"end":{"line":39,"column":63}}},"5":{"name":"(anonymous_6)","decl":{"start":{"line":43,"column":31},"end":{"line":43,"column":36}},"loc":{"start":{"line":43,"column":39},"end":{"line":58,"column":5}}}},"branchMap":{"0":{"loc":{"start":{"line":20,"column":8},"end":{"line":24,"column":9}},"type":"if","locations":[{"start":{"line":20,"column":8},"end":{"line":24,"column":9}}]},"1":{"loc":{"start":{"line":45,"column":8},"end":{"line":47,"column":9}},"type":"if","locations":[{"start":{"line":45,"column":8},"end":{"line":47,"column":9}}]},"2":{"loc":{"start":{"line":48,"column":8},"end":{"line":57,"column":9}},"type":"if","locations":[{"start":{"line":48,"column":8},"end":{"line":57,"column":9}}]}},"s":{"0":2,"1":2,"2":2,"3":2,"4":2,"5":2,"6":2,"7":8,"8":0,"9":0,"10":0,"11":2,"12":2,"13":28,"14":28,"15":2,"16":0,"17":2,"18":0,"19":0,"20":0,"21":0,"22":0,"23":2,"24":2,"25":2,"26":2,"27":2,"28":2,"29":2},"f":{"0":2,"1":8,"2":28,"3":28,"4":0,"5":0},"b":{"0":[0],"1":[0],"2":[0]}}
}
