TN:
SF:src\index.ts
FN:40,(anonymous_8)
FN:63,main
FN:66,(anonymous_11)
FNF:3
FNH:1
FNDA:0,(anonymous_8)
FNDA:2,main
FNDA:0,(anonymous_11)
DA:1,2
DA:2,2
DA:3,2
DA:5,2
DA:9,2
DA:10,2
DA:11,2
DA:12,2
DA:13,2
DA:14,2
DA:15,2
DA:16,2
DA:17,2
DA:34,2
DA:35,2
DA:37,2
DA:38,2
DA:39,2
DA:40,2
DA:41,0
DA:42,0
DA:44,2
DA:51,2
DA:54,2
DA:55,2
DA:56,2
DA:57,2
DA:58,2
DA:64,2
DA:65,2
DA:66,0
DA:67,0
DA:68,0
DA:72,2
DA:76,2
LF:35
LH:30
BRDA:44,0,0,2
BRDA:44,0,1,0
BRF:2
BRH:1
end_of_record
TN:
SF:src\config\BcryptPassword.ts
FN:5,(anonymous_8)
FN:5,(anonymous_9)
FN:10,(anonymous_10)
FN:10,(anonymous_11)
FNF:4
FNH:0
FNDA:0,(anonymous_8)
FNDA:0,(anonymous_9)
FNDA:0,(anonymous_10)
FNDA:0,(anonymous_11)
DA:1,3
DA:3,3
DA:5,3
DA:6,0
DA:7,0
DA:10,3
DA:11,0
LF:7
LH:4
BRF:0
BRH:0
end_of_record
TN:
SF:src\config\jsonwebtoken.ts
FN:10,generateTokenAuth
FN:15,verifyTokenAuth
FNF:2
FNH:0
FNDA:0,generateTokenAuth
FNDA:0,verifyTokenAuth
DA:1,3
DA:2,3
DA:5,3
DA:7,3
DA:8,3
DA:10,3
DA:11,0
DA:15,3
DA:16,0
DA:17,0
DA:19,0
DA:20,0
LF:12
LH:7
BRDA:7,0,0,3
BRDA:7,0,1,0
BRDA:8,1,0,3
BRDA:8,1,1,0
BRF:4
BRH:2
end_of_record
TN:
SF:src\config\sequelizeConfig.ts
FNF:0
FNH:0
DA:1,7
DA:2,7
DA:4,7
DA:6,7
LF:4
LH:4
BRDA:7,0,0,7
BRDA:7,0,1,0
BRDA:8,1,0,7
BRDA:8,1,1,0
BRF:4
BRH:2
end_of_record
TN:
SF:src\db\asociation.ts
FNF:0
FNH:0
DA:1,2
DA:2,2
DA:3,2
DA:8,2
DA:14,2
LF:5
LH:5
BRF:0
BRH:0
end_of_record
TN:
SF:src\db\models\AccountModel.ts
FNF:0
FNH:0
DA:1,2
DA:2,2
DA:21,2
DA:47,2
LF:4
LH:4
BRF:0
BRH:0
end_of_record
TN:
SF:src\db\models\AccountUserRelModel.ts
FNF:0
FNH:0
DA:1,3
DA:2,3
DA:17,3
DA:39,3
LF:4
LH:4
BRF:0
BRH:0
end_of_record
TN:
SF:src\db\models\AuthModel.ts
FNF:0
FNH:0
DA:1,3
DA:2,3
DA:18,3
DA:40,3
LF:4
LH:4
BRF:0
BRH:0
end_of_record
TN:
SF:src\db\models\BlogModel.ts
FNF:0
FNH:0
DA:1,3
DA:2,3
DA:22,3
DA:53,3
LF:4
LH:4
BRF:0
BRH:0
end_of_record
TN:
SF:src\db\models\OtpDataModel.ts
FNF:0
FNH:0
DA:1,2
DA:2,2
DA:24,2
DA:60,2
LF:4
LH:4
BRF:0
BRH:0
end_of_record
TN:
SF:src\db\models\UserModel.ts
FNF:0
FNH:0
DA:1,3
DA:2,3
DA:24,3
DA:61,3
LF:4
LH:4
BRF:0
BRH:0
end_of_record
TN:
SF:src\domain\repository\account-repository.ts
FN:17,(anonymous_8)
FN:20,(anonymous_9)
FN:34,(anonymous_11)
FN:48,(anonymous_13)
FN:86,(anonymous_15)
FN:106,(anonymous_17)
FN:122,(anonymous_19)
FN:145,(anonymous_21)
FN:155,(anonymous_23)
FNF:9
FNH:1
FNDA:2,(anonymous_8)
FNDA:0,(anonymous_9)
FNDA:0,(anonymous_11)
FNDA:0,(anonymous_13)
FNDA:0,(anonymous_15)
FNDA:0,(anonymous_17)
FNDA:0,(anonymous_19)
FNDA:0,(anonymous_21)
FNDA:0,(anonymous_23)
DA:11,2
DA:12,2
DA:13,2
DA:15,2
DA:21,0
DA:22,0
DA:23,0
DA:30,0
DA:35,0
DA:36,0
DA:37,0
DA:38,0
DA:40,0
DA:41,0
DA:44,0
DA:49,0
DA:50,0
DA:51,0
DA:52,0
DA:53,0
DA:54,0
DA:60,0
DA:65,0
DA:72,0
DA:77,0
DA:78,0
DA:79,0
DA:87,0
DA:88,0
DA:93,0
DA:94,0
DA:95,0
DA:97,0
DA:98,0
DA:102,0
DA:107,0
DA:108,0
DA:116,0
DA:117,0
DA:118,0
DA:123,0
DA:124,0
DA:139,0
DA:140,0
DA:141,0
DA:146,0
DA:147,0
DA:149,0
DA:150,0
DA:151,0
DA:156,0
DA:157,0
DA:158,0
DA:159,0
DA:161,0
DA:162,0
DA:164,0
DA:165,0
DA:166,0
DA:167,0
LF:60
LH:4
BRDA:37,0,0,0
BRDA:37,0,1,0
BRDA:50,1,0,0
BRDA:50,1,1,0
BRDA:51,2,0,0
BRDA:51,2,1,0
BRDA:51,3,0,0
BRDA:51,3,1,0
BRDA:53,4,0,0
BRDA:53,5,0,0
BRDA:53,5,1,0
BRDA:53,6,0,0
BRDA:53,6,1,0
BRDA:61,7,0,0
BRDA:61,7,1,0
BRDA:62,8,0,0
BRDA:62,8,1,0
BRDA:73,9,0,0
BRDA:73,9,1,0
BRDA:74,10,0,0
BRDA:74,10,1,0
BRDA:94,11,0,0
BRDA:158,12,0,0
BRF:23
BRH:0
end_of_record
TN:
SF:src\domain\repository\auth-repository.ts
FN:11,(anonymous_8)
FN:14,(anonymous_9)
FN:30,(anonymous_11)
FN:47,(anonymous_13)
FN:67,(anonymous_15)
FN:145,(anonymous_17)
FN:206,(anonymous_19)
FNF:7
FNH:3
FNDA:7,(anonymous_8)
FNDA:0,(anonymous_9)
FNDA:0,(anonymous_11)
FNDA:0,(anonymous_13)
FNDA:3,(anonymous_15)
FNDA:2,(anonymous_17)
FNDA:0,(anonymous_19)
DA:2,3
DA:3,3
DA:4,3
DA:5,3
DA:7,3
DA:9,3
DA:15,0
DA:16,0
DA:21,0
DA:22,0
DA:24,0
DA:26,0
DA:31,0
DA:32,0
DA:38,0
DA:39,0
DA:41,0
DA:43,0
DA:48,0
DA:49,0
DA:50,0
DA:51,0
DA:53,0
DA:62,0
DA:68,3
DA:69,3
DA:70,3
DA:71,1
DA:84,2
DA:85,2
DA:86,0
DA:99,2
DA:100,2
DA:101,1
DA:114,1
DA:120,1
DA:131,0
DA:146,2
DA:150,2
DA:151,2
DA:152,1
DA:164,1
DA:173,1
DA:176,1
DA:177,1
DA:182,1
DA:193,0
DA:207,0
DA:208,0
DA:209,0
DA:210,0
DA:213,0
DA:214,0
DA:216,0
LF:54
LH:26
BRDA:21,0,0,0
BRDA:38,1,0,0
BRDA:50,2,0,0
BRDA:70,3,0,1
BRDA:85,4,0,0
BRDA:100,5,0,1
BRDA:117,6,0,1
BRDA:117,6,1,0
BRDA:127,7,0,1
BRDA:127,7,1,0
BRDA:151,8,0,1
BRDA:189,9,0,1
BRDA:189,9,1,0
BRDA:209,10,0,0
BRF:14
BRH:6
end_of_record
TN:
SF:src\domain\repository\blog-repository.ts
FN:10,(anonymous_8)
FN:13,(anonymous_9)
FN:22,(anonymous_11)
FN:39,(anonymous_13)
FN:48,(anonymous_14)
FN:62,(anonymous_16)
FNF:6
FNH:6
FNDA:10,(anonymous_8)
FNDA:2,(anonymous_9)
FNDA:2,(anonymous_11)
FNDA:2,(anonymous_13)
FNDA:2,(anonymous_14)
FNDA:2,(anonymous_16)
DA:4,3
DA:8,3
DA:14,2
DA:15,2
DA:16,1
DA:18,1
DA:23,2
DA:24,2
DA:25,2
DA:26,2
DA:29,1
DA:36,1
DA:39,2
DA:43,1
DA:44,1
DA:49,2
DA:50,2
DA:51,2
DA:52,1
DA:54,1
DA:55,1
DA:58,0
DA:63,2
DA:64,2
DA:70,2
DA:71,2
DA:72,2
DA:73,1
DA:75,1
DA:76,1
DA:80,0
LF:31
LH:29
BRDA:24,0,0,2
BRDA:24,0,1,0
BRDA:25,1,0,2
BRDA:25,1,1,0
BRDA:25,2,0,2
BRDA:25,2,1,2
BRDA:39,3,0,1
BRDA:39,3,1,0
BRDA:40,4,0,1
BRDA:40,4,1,0
BRDA:51,5,0,1
BRDA:72,6,0,1
BRF:12
BRH:8
end_of_record
TN:
SF:src\domain\repository\otp-repository.ts
FN:8,(anonymous_8)
FN:11,(anonymous_9)
FN:32,(anonymous_11)
FN:41,(anonymous_13)
FN:60,(anonymous_15)
FNF:5
FNH:1
FNDA:2,(anonymous_8)
FNDA:0,(anonymous_9)
FNDA:0,(anonymous_11)
FNDA:0,(anonymous_13)
FNDA:0,(anonymous_15)
DA:3,2
DA:4,2
DA:6,2
DA:12,0
DA:13,0
DA:23,0
DA:24,0
DA:26,0
DA:27,0
DA:28,0
DA:33,0
DA:34,0
DA:35,0
DA:37,0
DA:42,0
DA:43,0
DA:50,0
DA:51,0
DA:53,0
DA:56,0
DA:61,0
DA:62,0
DA:70,0
DA:71,0
DA:73,0
LF:25
LH:3
BRDA:50,0,0,0
BRDA:50,0,1,0
BRF:2
BRH:0
end_of_record
TN:
SF:src\domain\repository\user-repository.ts
FN:15,(anonymous_8)
FN:18,(anonymous_9)
FN:27,(anonymous_11)
FN:51,(anonymous_13)
FN:75,(anonymous_15)
FN:110,(anonymous_17)
FN:119,(anonymous_18)
FN:132,(anonymous_20)
FN:149,(anonymous_22)
FN:160,(anonymous_23)
FN:182,(anonymous_25)
FNF:11
FNH:1
FNDA:2,(anonymous_8)
FNDA:0,(anonymous_9)
FNDA:0,(anonymous_11)
FNDA:0,(anonymous_13)
FNDA:0,(anonymous_15)
FNDA:0,(anonymous_17)
FNDA:0,(anonymous_18)
FNDA:0,(anonymous_20)
FNDA:0,(anonymous_22)
FNDA:0,(anonymous_23)
FNDA:0,(anonymous_25)
DA:2,2
DA:5,2
DA:7,2
DA:13,2
DA:19,0
DA:20,0
DA:21,0
DA:23,0
DA:28,0
DA:29,0
DA:34,0
DA:35,0
DA:41,0
DA:47,0
DA:52,0
DA:53,0
DA:58,0
DA:59,0
DA:65,0
DA:71,0
DA:76,0
DA:77,0
DA:78,0
DA:79,0
DA:91,0
DA:107,0
DA:110,0
DA:114,0
DA:115,0
DA:120,0
DA:121,0
DA:122,0
DA:127,0
DA:133,0
DA:134,0
DA:137,0
DA:138,0
DA:139,0
DA:140,0
DA:141,0
DA:143,0
DA:144,0
DA:147,0
DA:149,0
DA:150,0
DA:151,0
DA:152,0
DA:154,0
DA:156,0
DA:161,0
DA:162,0
DA:163,0
DA:164,0
DA:165,0
DA:171,0
DA:176,0
DA:177,0
DA:178,0
DA:183,0
DA:184,0
DA:191,0
DA:192,0
DA:193,0
DA:194,0
DA:196,0
DA:197,0
DA:201,0
LF:67
LH:4
BRDA:34,0,0,0
BRDA:58,1,0,0
BRDA:77,2,0,0
BRDA:77,2,1,0
BRDA:78,3,0,0
BRDA:78,3,1,0
BRDA:78,4,0,0
BRDA:78,4,1,0
BRDA:110,5,0,0
BRDA:110,5,1,0
BRDA:111,6,0,0
BRDA:111,6,1,0
BRDA:138,7,0,0
BRDA:140,8,0,0
BRDA:140,8,1,0
BRDA:147,9,0,0
BRDA:151,10,0,0
BRDA:151,10,1,0
BRDA:151,11,0,0
BRDA:151,11,1,0
BRDA:162,12,0,0
BRDA:162,12,1,0
BRDA:163,13,0,0
BRDA:163,13,1,0
BRDA:163,14,0,0
BRDA:163,14,1,0
BRDA:172,15,0,0
BRDA:172,15,1,0
BRDA:173,16,0,0
BRDA:173,16,1,0
BRDA:193,17,0,0
BRF:31
BRH:0
end_of_record
TN:
SF:src\infrastructure\services\account-service.ts
FN:19,(anonymous_7)
FN:24,(anonymous_8)
FN:43,(anonymous_10)
FN:47,(anonymous_12)
FN:51,(anonymous_14)
FN:54,(anonymous_16)
FN:61,(anonymous_18)
FN:63,(anonymous_20)
FN:68,(anonymous_21)
FN:75,(anonymous_22)
FN:76,(anonymous_23)
FN:80,(anonymous_24)
FN:81,(anonymous_25)
FN:85,(anonymous_26)
FNF:14
FNH:1
FNDA:12,(anonymous_7)
FNDA:0,(anonymous_8)
FNDA:0,(anonymous_10)
FNDA:0,(anonymous_12)
FNDA:0,(anonymous_14)
FNDA:0,(anonymous_16)
FNDA:0,(anonymous_18)
FNDA:0,(anonymous_20)
FNDA:0,(anonymous_21)
FNDA:0,(anonymous_22)
FNDA:0,(anonymous_23)
FNDA:0,(anonymous_24)
FNDA:0,(anonymous_25)
FNDA:0,(anonymous_26)
DA:14,2
DA:20,12
DA:21,12
DA:25,0
DA:26,0
DA:27,0
DA:28,0
DA:29,0
DA:31,0
DA:33,0
DA:35,0
DA:36,0
DA:37,0
DA:38,0
DA:40,0
DA:44,0
DA:48,0
DA:52,0
DA:55,0
DA:56,0
DA:62,0
DA:63,0
DA:65,0
DA:66,0
DA:67,0
DA:68,0
DA:70,0
DA:71,0
DA:73,0
DA:75,0
DA:76,0
DA:77,0
DA:80,0
DA:81,0
DA:83,0
DA:85,0
DA:86,0
DA:87,0
DA:89,0
LF:39
LH:3
BRDA:26,0,0,0
BRDA:26,0,1,0
BRDA:36,1,0,0
BRDA:66,2,0,0
BRDA:66,2,1,0
BRF:5
BRH:0
end_of_record
TN:
SF:src\infrastructure\services\auth-service.ts
FN:14,(anonymous_7)
FN:18,(anonymous_8)
FN:52,(anonymous_10)
FN:89,(anonymous_12)
FN:111,(anonymous_14)
FN:132,(anonymous_16)
FNF:6
FNH:1
FNDA:10,(anonymous_7)
FNDA:0,(anonymous_8)
FNDA:0,(anonymous_10)
FNDA:0,(anonymous_12)
FNDA:0,(anonymous_14)
FNDA:0,(anonymous_16)
DA:5,2
DA:7,2
DA:10,2
DA:15,10
DA:19,0
DA:20,0
DA:21,0
DA:22,0
DA:28,0
DA:29,0
DA:30,0
DA:36,0
DA:41,0
DA:42,0
DA:48,0
DA:53,0
DA:54,0
DA:55,0
DA:56,0
DA:62,0
DA:63,0
DA:69,0
DA:70,0
DA:71,0
DA:72,0
DA:78,0
DA:84,0
DA:90,0
DA:91,0
DA:92,0
DA:93,0
DA:105,0
DA:107,0
DA:112,0
DA:113,0
DA:114,0
DA:115,0
DA:127,0
DA:129,0
DA:133,0
DA:134,0
DA:135,0
DA:137,0
DA:138,0
DA:144,0
DA:149,0
LF:46
LH:4
BRDA:21,0,0,0
BRDA:29,1,0,0
BRDA:38,2,0,0
BRDA:38,2,1,0
BRDA:39,3,0,0
BRDA:39,3,1,0
BRDA:55,4,0,0
BRDA:62,5,0,0
BRDA:71,6,0,0
BRDA:92,7,0,0
BRDA:114,8,0,0
BRDA:137,9,0,0
BRF:12
BRH:0
end_of_record
TN:
SF:src\infrastructure\services\blog-service.ts
FN:14,(anonymous_7)
FN:19,(anonymous_8)
FN:23,(anonymous_10)
FN:39,(anonymous_11)
FN:46,(anonymous_13)
FN:56,(anonymous_15)
FNF:6
FNH:1
FNDA:8,(anonymous_7)
FNDA:0,(anonymous_8)
FNDA:0,(anonymous_10)
FNDA:0,(anonymous_11)
FNDA:0,(anonymous_13)
FNDA:0,(anonymous_15)
DA:9,2
DA:15,8
DA:16,8
DA:20,0
DA:21,0
DA:22,0
DA:23,0
DA:24,0
DA:25,0
DA:26,0
DA:31,0
DA:32,0
DA:41,0
DA:42,0
DA:43,0
DA:47,0
DA:48,0
DA:57,0
LF:18
LH:3
BRDA:25,0,0,0
BRF:1
BRH:0
end_of_record
TN:
SF:src\infrastructure\services\otp-service.ts
FN:13,(anonymous_7)
FN:17,(anonymous_8)
FN:47,(anonymous_10)
FN:65,(anonymous_12)
FNF:4
FNH:1
FNDA:6,(anonymous_7)
FNDA:0,(anonymous_8)
FNDA:0,(anonymous_10)
FNDA:0,(anonymous_12)
DA:5,2
DA:6,2
DA:7,2
DA:9,2
DA:14,6
DA:18,0
DA:19,0
DA:20,0
DA:21,0
DA:22,0
DA:29,0
DA:38,0
DA:43,0
DA:48,0
DA:49,0
DA:50,0
DA:51,0
DA:56,0
DA:61,0
DA:66,0
DA:67,0
DA:69,0
LF:22
LH:5
BRDA:50,0,0,0
BRF:1
BRH:0
end_of_record
TN:
SF:src\infrastructure\services\user-service.ts
FN:24,(anonymous_7)
FN:29,(anonymous_8)
FN:33,(anonymous_10)
FN:59,(anonymous_11)
FN:63,(anonymous_13)
FN:67,(anonymous_15)
FN:76,(anonymous_17)
FN:80,(anonymous_19)
FN:82,(anonymous_21)
FN:99,(anonymous_22)
FN:103,(anonymous_24)
FNF:11
FNH:1
FNDA:10,(anonymous_7)
FNDA:0,(anonymous_8)
FNDA:0,(anonymous_10)
FNDA:0,(anonymous_11)
FNDA:0,(anonymous_13)
FNDA:0,(anonymous_15)
FNDA:0,(anonymous_17)
FNDA:0,(anonymous_19)
FNDA:0,(anonymous_21)
FNDA:0,(anonymous_22)
FNDA:0,(anonymous_24)
DA:19,2
DA:25,10
DA:26,10
DA:30,0
DA:31,0
DA:32,0
DA:33,0
DA:34,0
DA:35,0
DA:36,0
DA:41,0
DA:42,0
DA:43,0
DA:48,0
DA:49,0
DA:53,0
DA:60,0
DA:64,0
DA:70,0
DA:72,0
DA:73,0
DA:77,0
DA:81,0
DA:82,0
DA:83,0
DA:85,0
DA:90,0
DA:91,0
DA:100,0
DA:104,0
LF:30
LH:3
BRDA:35,0,0,0
BRDA:42,1,0,0
BRDA:83,2,0,0
BRF:3
BRH:0
end_of_record
TN:
SF:src\infrastructure\use-cases\account\associate-user-to-accounts.ts
FN:10,(anonymous_0)
FN:14,(anonymous_1)
FNF:2
FNH:1
FNDA:2,(anonymous_0)
FNDA:0,(anonymous_1)
DA:6,2
DA:11,2
DA:15,0
LF:3
LH:2
BRF:0
BRH:0
end_of_record
TN:
SF:src\infrastructure\use-cases\account\create-account.ts
FN:10,(anonymous_0)
FN:14,(anonymous_1)
FNF:2
FNH:1
FNDA:2,(anonymous_0)
FNDA:0,(anonymous_1)
DA:6,2
DA:11,2
DA:15,0
LF:3
LH:2
BRF:0
BRH:0
end_of_record
TN:
SF:src\infrastructure\use-cases\account\delete-account.ts
FN:9,(anonymous_0)
FN:13,(anonymous_1)
FNF:2
FNH:1
FNDA:2,(anonymous_0)
FNDA:0,(anonymous_1)
DA:5,2
DA:10,2
DA:14,0
LF:3
LH:2
BRF:0
BRH:0
end_of_record
TN:
SF:src\infrastructure\use-cases\account\get-all-account.ts
FN:12,(anonymous_0)
FN:16,(anonymous_1)
FNF:2
FNH:1
FNDA:2,(anonymous_0)
FNDA:0,(anonymous_1)
DA:8,2
DA:13,2
DA:17,0
LF:3
LH:2
BRF:0
BRH:0
end_of_record
TN:
SF:src\infrastructure\use-cases\account\get-self-available-accounts.ts
FN:11,(anonymous_0)
FN:15,(anonymous_1)
FNF:2
FNH:1
FNDA:2,(anonymous_0)
FNDA:0,(anonymous_1)
DA:7,2
DA:12,2
DA:16,0
LF:3
LH:2
BRF:0
BRH:0
end_of_record
TN:
SF:src\infrastructure\use-cases\account\update-account.ts
FN:10,(anonymous_0)
FN:14,(anonymous_1)
FNF:2
FNH:1
FNDA:2,(anonymous_0)
FNDA:0,(anonymous_1)
DA:6,2
DA:11,2
DA:15,0
LF:3
LH:2
BRF:0
BRH:0
end_of_record
TN:
SF:src\infrastructure\use-cases\auth\login-use-case.ts
FN:9,(anonymous_0)
FN:12,(anonymous_1)
FNF:2
FNH:1
FNDA:2,(anonymous_0)
FNDA:0,(anonymous_1)
DA:5,2
DA:10,2
DA:13,0
LF:3
LH:2
BRF:0
BRH:0
end_of_record
TN:
SF:src\infrastructure\use-cases\auth\register-use-case.ts
FN:9,(anonymous_0)
FN:13,(anonymous_1)
FNF:2
FNH:1
FNDA:2,(anonymous_0)
FNDA:0,(anonymous_1)
DA:5,2
DA:10,2
DA:14,0
LF:3
LH:2
BRF:0
BRH:0
end_of_record
TN:
SF:src\infrastructure\use-cases\auth\update-user-password-case-use.ts
FN:7,(anonymous_7)
FN:9,(anonymous_8)
FNF:2
FNH:1
FNDA:2,(anonymous_7)
FNDA:0,(anonymous_8)
DA:6,2
DA:7,2
DA:10,0
LF:3
LH:2
BRF:0
BRH:0
end_of_record
TN:
SF:src\infrastructure\use-cases\auth\verify-auth-token-case-use.ts
FN:10,(anonymous_7)
FN:14,(anonymous_8)
FNF:2
FNH:1
FNDA:2,(anonymous_7)
FNDA:0,(anonymous_8)
DA:6,2
DA:11,2
DA:15,0
LF:3
LH:2
BRF:0
BRH:0
end_of_record
TN:
SF:src\infrastructure\use-cases\auth\verify-user-by-phone.ts
FN:9,(anonymous_0)
FN:13,(anonymous_1)
FNF:2
FNH:1
FNDA:2,(anonymous_0)
FNDA:0,(anonymous_1)
DA:5,2
DA:10,2
DA:14,0
LF:3
LH:2
BRF:0
BRH:0
end_of_record
TN:
SF:src\infrastructure\use-cases\blog\create-blog.ts
FN:10,(anonymous_0)
FN:14,(anonymous_1)
FNF:2
FNH:1
FNDA:2,(anonymous_0)
FNDA:0,(anonymous_1)
DA:6,2
DA:11,2
DA:15,0
LF:3
LH:2
BRF:0
BRH:0
end_of_record
TN:
SF:src\infrastructure\use-cases\blog\delete-blog.ts
FN:9,(anonymous_7)
FN:13,(anonymous_8)
FNF:2
FNH:1
FNDA:2,(anonymous_7)
FNDA:0,(anonymous_8)
DA:5,2
DA:10,2
DA:14,0
LF:3
LH:2
BRF:0
BRH:0
end_of_record
TN:
SF:src\infrastructure\use-cases\blog\get-all-blogs-by-account.ts
FN:10,(anonymous_0)
FN:14,(anonymous_1)
FNF:2
FNH:1
FNDA:2,(anonymous_0)
FNDA:0,(anonymous_1)
DA:6,2
DA:11,2
DA:15,0
LF:3
LH:2
BRF:0
BRH:0
end_of_record
TN:
SF:src\infrastructure\use-cases\blog\update-blog.ts
FN:10,(anonymous_0)
FN:14,(anonymous_1)
FNF:2
FNH:1
FNDA:2,(anonymous_0)
FNDA:0,(anonymous_1)
DA:6,2
DA:11,2
DA:15,0
LF:3
LH:2
BRF:0
BRH:0
end_of_record
TN:
SF:src\infrastructure\use-cases\otp\send-message-otp-use-case.ts
FN:10,(anonymous_0)
FN:14,(anonymous_1)
FNF:2
FNH:1
FNDA:2,(anonymous_0)
FNDA:0,(anonymous_1)
DA:6,2
DA:11,2
DA:15,0
LF:3
LH:2
BRF:0
BRH:0
end_of_record
TN:
SF:src\infrastructure\use-cases\otp\verify-otp-use-case.ts
FN:10,(anonymous_0)
FN:14,(anonymous_1)
FNF:2
FNH:1
FNDA:2,(anonymous_0)
FNDA:0,(anonymous_1)
DA:6,2
DA:11,2
DA:15,0
LF:3
LH:2
BRF:0
BRH:0
end_of_record
TN:
SF:src\infrastructure\use-cases\otp\verify-recaptcha-use-case.ts
FN:8,(anonymous_7)
FN:12,(anonymous_8)
FNF:2
FNH:1
FNDA:2,(anonymous_7)
FNDA:0,(anonymous_8)
DA:4,2
DA:9,2
DA:13,0
LF:3
LH:2
BRF:0
BRH:0
end_of_record
TN:
SF:src\infrastructure\use-cases\user\create-user.ts
FN:10,(anonymous_0)
FN:14,(anonymous_1)
FNF:2
FNH:1
FNDA:2,(anonymous_0)
FNDA:0,(anonymous_1)
DA:6,2
DA:11,2
DA:15,0
LF:3
LH:2
BRF:0
BRH:0
end_of_record
TN:
SF:src\infrastructure\use-cases\user\delete-user.ts
FN:9,(anonymous_7)
FN:13,(anonymous_8)
FNF:2
FNH:1
FNDA:2,(anonymous_7)
FNDA:0,(anonymous_8)
DA:5,2
DA:10,2
DA:14,0
LF:3
LH:2
BRF:0
BRH:0
end_of_record
TN:
SF:src\infrastructure\use-cases\user\get-all-users-by-account.ts
FN:10,(anonymous_0)
FN:14,(anonymous_1)
FNF:2
FNH:1
FNDA:2,(anonymous_0)
FNDA:0,(anonymous_1)
DA:6,2
DA:11,2
DA:15,0
LF:3
LH:2
BRF:0
BRH:0
end_of_record
TN:
SF:src\infrastructure\use-cases\user\get-user-by-email.ts
FN:10,(anonymous_7)
FN:14,(anonymous_8)
FNF:2
FNH:1
FNDA:2,(anonymous_7)
FNDA:0,(anonymous_8)
DA:6,2
DA:11,2
DA:15,0
DA:16,0
DA:17,0
DA:31,0
LF:6
LH:2
BRDA:16,0,0,0
BRF:1
BRH:0
end_of_record
TN:
SF:src\infrastructure\use-cases\user\update-user.ts
FN:11,(anonymous_0)
FN:15,(anonymous_1)
FNF:2
FNH:1
FNDA:2,(anonymous_0)
FNDA:0,(anonymous_1)
DA:7,2
DA:12,2
DA:16,0
LF:3
LH:2
BRF:0
BRH:0
end_of_record
TN:
SF:src\middlewares\authentication.ts
FN:26,(anonymous_7)
FN:41,(anonymous_8)
FN:45,(anonymous_9)
FNF:3
FNH:0
FNDA:0,(anonymous_7)
FNDA:0,(anonymous_8)
FNDA:0,(anonymous_9)
DA:2,2
DA:26,2
DA:27,0
DA:28,0
DA:29,0
DA:32,0
DA:33,0
DA:34,0
DA:36,0
DA:37,0
DA:41,2
DA:45,0
DA:46,0
DA:47,0
DA:48,0
DA:49,0
DA:52,0
DA:54,0
DA:55,0
DA:56,0
DA:57,0
DA:58,0
DA:59,0
DA:60,0
DA:61,0
DA:62,0
DA:63,0
DA:64,0
DA:68,0
DA:70,0
DA:71,0
LF:31
LH:3
BRDA:28,0,0,0
BRDA:28,1,0,0
BRDA:28,1,1,0
BRDA:32,2,0,0
BRDA:32,2,1,0
BRDA:48,3,0,0
BRDA:56,4,0,0
BRDA:57,5,0,0
BRF:8
BRH:0
end_of_record
TN:
SF:src\presentation\routers\accounts_router.ts
FN:16,AccountsRouter
FN:56,(anonymous_9)
FN:56,(anonymous_10)
FN:101,(anonymous_11)
FN:101,(anonymous_12)
FN:148,(anonymous_13)
FN:148,(anonymous_14)
FN:211,(anonymous_15)
FN:211,(anonymous_16)
FN:232,(anonymous_17)
FN:232,(anonymous_18)
FN:245,(anonymous_19)
FN:245,(anonymous_20)
FN:259,(anonymous_21)
FN:259,(anonymous_22)
FNF:15
FNH:1
FNDA:2,AccountsRouter
FNDA:0,(anonymous_9)
FNDA:0,(anonymous_10)
FNDA:0,(anonymous_11)
FNDA:0,(anonymous_12)
FNDA:0,(anonymous_13)
FNDA:0,(anonymous_14)
FNDA:0,(anonymous_15)
FNDA:0,(anonymous_16)
FNDA:0,(anonymous_17)
FNDA:0,(anonymous_18)
FNDA:0,(anonymous_19)
FNDA:0,(anonymous_20)
FNDA:0,(anonymous_21)
FNDA:0,(anonymous_22)
DA:1,2
DA:16,2
DA:24,2
DA:56,2
DA:57,0
DA:58,0
DA:59,0
DA:60,0
DA:61,0
DA:62,0
DA:63,0
DA:64,0
DA:66,0
DA:101,2
DA:102,0
DA:103,0
DA:104,0
DA:105,0
DA:107,0
DA:148,2
DA:149,0
DA:150,0
DA:151,0
DA:153,0
DA:211,2
DA:212,0
DA:213,0
DA:214,0
DA:220,0
DA:221,0
DA:222,0
DA:223,0
DA:225,0
DA:232,2
DA:233,0
DA:234,0
DA:235,0
DA:236,0
DA:238,0
DA:245,2
DA:246,0
DA:247,0
DA:248,0
DA:249,0
DA:251,0
DA:259,2
DA:260,0
DA:261,0
DA:262,0
DA:263,0
DA:265,0
DA:271,2
LF:52
LH:11
BRF:0
BRH:0
end_of_record
TN:
SF:src\presentation\routers\auth-router.ts
FN:11,AuthRouter
FN:145,(anonymous_9)
FN:145,(anonymous_10)
FN:164,(anonymous_11)
FN:164,(anonymous_12)
FN:190,(anonymous_13)
FN:190,(anonymous_14)
FN:211,(anonymous_15)
FN:211,(anonymous_16)
FN:240,(anonymous_17)
FN:240,(anonymous_18)
FNF:11
FNH:1
FNDA:2,AuthRouter
FNDA:0,(anonymous_9)
FNDA:0,(anonymous_10)
FNDA:0,(anonymous_11)
FNDA:0,(anonymous_12)
FNDA:0,(anonymous_13)
FNDA:0,(anonymous_14)
FNDA:0,(anonymous_15)
FNDA:0,(anonymous_16)
FNDA:0,(anonymous_17)
FNDA:0,(anonymous_18)
DA:2,2
DA:5,2
DA:11,2
DA:18,2
DA:145,2
DA:146,0
DA:147,0
DA:148,0
DA:149,0
DA:150,0
DA:151,0
DA:152,0
DA:154,0
DA:156,0
DA:157,0
DA:158,0
DA:164,2
DA:165,0
DA:166,0
DA:167,0
DA:168,0
DA:169,0
DA:171,0
DA:172,0
DA:173,0
DA:175,0
DA:176,0
DA:177,0
DA:178,0
DA:180,0
DA:182,0
DA:190,2
DA:191,0
DA:192,0
DA:193,0
DA:194,0
DA:195,0
DA:196,0
DA:197,0
DA:198,0
DA:200,0
DA:202,0
DA:203,0
DA:204,0
DA:211,2
DA:212,0
DA:213,0
DA:214,0
DA:215,0
DA:216,0
DA:224,0
DA:225,0
DA:226,0
DA:227,0
DA:229,0
DA:231,0
DA:232,0
DA:233,0
DA:240,2
DA:241,0
DA:242,0
DA:243,0
DA:244,0
DA:249,0
DA:250,0
DA:252,0
DA:253,0
DA:260,2
LF:68
LH:10
BRDA:150,0,0,0
BRDA:167,1,0,0
BRDA:177,2,0,0
BRDA:177,2,1,0
BRDA:183,3,0,0
BRDA:183,3,1,0
BRDA:196,4,0,0
BRDA:225,5,0,0
BRDA:243,6,0,0
BRDA:243,7,0,0
BRDA:243,7,1,0
BRF:11
BRH:0
end_of_record
TN:
SF:src\presentation\routers\blog-router.ts
FN:11,BlogsRouter
FN:50,(anonymous_9)
FN:50,(anonymous_10)
FN:118,(anonymous_11)
FN:118,(anonymous_12)
FN:169,(anonymous_13)
FN:169,(anonymous_14)
FN:218,(anonymous_15)
FN:218,(anonymous_16)
FNF:9
FNH:1
FNDA:2,BlogsRouter
FNDA:0,(anonymous_9)
FNDA:0,(anonymous_10)
FNDA:0,(anonymous_11)
FNDA:0,(anonymous_12)
FNDA:0,(anonymous_13)
FNDA:0,(anonymous_14)
FNDA:0,(anonymous_15)
FNDA:0,(anonymous_16)
DA:1,2
DA:11,2
DA:17,2
DA:50,2
DA:51,0
DA:52,0
DA:53,0
DA:54,0
DA:55,0
DA:56,0
DA:58,0
DA:59,0
DA:60,0
DA:118,2
DA:119,0
DA:120,0
DA:121,0
DA:122,0
DA:123,0
DA:124,0
DA:125,0
DA:126,0
DA:127,0
DA:129,0
DA:130,0
DA:131,0
DA:169,2
DA:170,0
DA:171,0
DA:172,0
DA:173,0
DA:174,0
DA:176,0
DA:218,2
DA:219,0
DA:220,0
DA:221,0
DA:222,0
DA:224,0
DA:229,2
LF:40
LH:8
BRF:0
BRH:0
end_of_record
TN:
SF:src\presentation\routers\otp-router.ts
FN:8,OtpRouter
FN:16,(anonymous_9)
FN:16,(anonymous_10)
FN:30,(anonymous_11)
FN:30,(anonymous_12)
FN:44,(anonymous_13)
FN:44,(anonymous_14)
FNF:7
FNH:1
FNDA:2,OtpRouter
FNDA:0,(anonymous_9)
FNDA:0,(anonymous_10)
FNDA:0,(anonymous_11)
FNDA:0,(anonymous_12)
FNDA:0,(anonymous_13)
FNDA:0,(anonymous_14)
DA:2,2
DA:8,2
DA:13,2
DA:16,2
DA:17,0
DA:18,0
DA:19,0
DA:21,0
DA:22,0
DA:23,0
DA:30,2
DA:31,0
DA:32,0
DA:33,0
DA:35,0
DA:36,0
DA:37,0
DA:44,2
DA:45,0
DA:46,0
DA:47,0
DA:48,0
DA:49,0
DA:50,0
DA:55,0
DA:56,0
DA:57,0
DA:64,2
LF:28
LH:7
BRDA:24,0,0,0
BRDA:24,0,1,0
BRDA:38,1,0,0
BRDA:38,1,1,0
BRDA:58,2,0,0
BRDA:58,2,1,0
BRF:6
BRH:0
end_of_record
TN:
SF:src\presentation\routers\user-router.ts
FN:12,UserRouter
FN:52,(anonymous_9)
FN:52,(anonymous_10)
FN:124,(anonymous_11)
FN:124,(anonymous_12)
FN:179,(anonymous_13)
FN:179,(anonymous_14)
FN:228,(anonymous_15)
FN:228,(anonymous_16)
FNF:9
FNH:1
FNDA:2,UserRouter
FNDA:0,(anonymous_9)
FNDA:0,(anonymous_10)
FNDA:0,(anonymous_11)
FNDA:0,(anonymous_12)
FNDA:0,(anonymous_13)
FNDA:0,(anonymous_14)
FNDA:0,(anonymous_15)
FNDA:0,(anonymous_16)
DA:2,2
DA:12,2
DA:19,2
DA:52,2
DA:53,0
DA:54,0
DA:55,0
DA:56,0
DA:57,0
DA:58,0
DA:59,0
DA:61,0
DA:62,0
DA:64,0
DA:65,0
DA:66,0
DA:124,2
DA:125,0
DA:126,0
DA:127,0
DA:128,0
DA:129,0
DA:130,0
DA:131,0
DA:132,0
DA:133,0
DA:134,0
DA:136,0
DA:137,0
DA:139,0
DA:140,0
DA:141,0
DA:179,2
DA:180,0
DA:181,0
DA:182,0
DA:183,0
DA:184,0
DA:186,0
DA:228,2
DA:229,0
DA:230,0
DA:231,0
DA:232,0
DA:234,0
DA:239,2
LF:46
LH:8
BRDA:58,0,0,0
BRDA:133,1,0,0
BRF:2
BRH:0
end_of_record
TN:
SF:src\utils\addMinutesInSeconds.ts
FN:1,addMinutesInSeconds
FNF:1
FNH:0
FNDA:0,addMinutesInSeconds
DA:1,2
DA:2,0
DA:3,0
LF:3
LH:1
BRF:0
BRH:0
end_of_record
TN:
SF:src\utils\generateCurrentDateInSeconds.ts
FN:1,generateCurrentDateInSeconds
FNF:1
FNH:0
FNDA:0,generateCurrentDateInSeconds
DA:1,2
DA:2,0
DA:3,0
DA:4,0
LF:4
LH:1
BRF:0
BRH:0
end_of_record
TN:
SF:src\utils\generateOtpNumber.ts
FN:1,generateOtpNumber
FNF:1
FNH:0
FNDA:0,generateOtpNumber
DA:1,2
DA:2,0
DA:3,0
DA:4,0
DA:5,0
DA:7,0
LF:6
LH:1
BRF:0
BRH:0
end_of_record
TN:
SF:src\utils\logger.ts
FN:4,(anonymous_0)
FNF:1
FNH:0
FNDA:0,(anonymous_0)
DA:1,2
DA:2,2
DA:4,2
DA:5,0
DA:8,2
DA:20,2
LF:6
LH:5
BRF:0
BRH:0
end_of_record
TN:
SF:src\utils\setupMiddlewares.ts
FN:40,setupMiddlewares
FNF:1
FNH:1
FNDA:2,setupMiddlewares
DA:1,2
DA:2,2
DA:3,2
DA:4,2
DA:5,2
DA:6,2
DA:7,2
DA:8,2
DA:9,2
DA:10,2
DA:11,2
DA:12,2
DA:13,2
DA:14,2
DA:15,2
DA:16,2
DA:17,2
DA:18,2
DA:19,2
DA:20,2
DA:21,2
DA:22,2
DA:23,2
DA:24,2
DA:25,2
DA:26,2
DA:27,2
DA:28,2
DA:29,2
DA:30,2
DA:31,2
DA:32,2
DA:33,2
DA:34,2
DA:35,2
DA:36,2
DA:37,2
DA:38,2
DA:40,2
DA:42,2
DA:43,2
DA:44,2
DA:45,2
DA:46,2
DA:49,2
DA:59,2
DA:68,2
DA:77,2
DA:84,2
DA:91,2
LF:50
LH:50
BRF:0
BRH:0
end_of_record
TN:
SF:src\utils\swaggerConfig.ts
FN:21,setupSwagger
FNF:1
FNH:1
FNDA:2,setupSwagger
DA:2,2
DA:4,2
DA:21,2
DA:22,2
DA:24,2
DA:25,2
LF:6
LH:6
BRF:0
BRH:0
end_of_record
TN:
SF:src\utils\swaggerUpdate.ts
FN:14,updateSwaggerDocs
FN:19,(anonymous_2)
FN:31,(anonymous_3)
FN:32,(anonymous_4)
FN:39,(anonymous_5)
FN:43,(anonymous_6)
FNF:6
FNH:4
FNDA:2,updateSwaggerDocs
FNDA:8,(anonymous_2)
FNDA:28,(anonymous_3)
FNDA:28,(anonymous_4)
FNDA:0,(anonymous_5)
FNDA:0,(anonymous_6)
DA:2,2
DA:3,2
DA:4,2
DA:14,2
DA:15,2
DA:16,2
DA:19,2
DA:20,8
DA:21,0
DA:22,0
DA:23,0
DA:28,2
DA:31,2
DA:32,28
DA:33,28
DA:38,2
DA:39,0
DA:43,2
DA:44,0
DA:45,0
DA:46,0
DA:48,0
DA:49,0
DA:61,2
DA:62,2
DA:64,2
DA:65,2
DA:66,2
DA:67,2
DA:69,2
LF:30
LH:21
BRDA:20,0,0,0
BRDA:45,1,0,0
BRDA:48,2,0,0
BRF:3
BRH:0
end_of_record
